{"/Users/normanqian/fractalcamp/phaser/src/core/TimeStep.js": {"path":"/Users/normanqian/fractalcamp/phaser/src/core/TimeStep.js","statementMap":{"0":{"start":{"line":7,"column":12},"end":{"line":7,"column":37}},"1":{"start":{"line":8,"column":15},"end":{"line":8,"column":50}},"2":{"start":{"line":9,"column":11},"end":{"line":9,"column":35}},"3":{"start":{"line":10,"column":28},"end":{"line":10,"column":67}},"4":{"start":{"line":37,"column":15},"end":{"line":882,"column":2}},"5":{"start":{"line":51,"column":8},"end":{"line":51,"column":25}},"6":{"start":{"line":61,"column":8},"end":{"line":61,"column":47}},"7":{"start":{"line":72,"column":8},"end":{"line":72,"column":29}},"8":{"start":{"line":86,"column":8},"end":{"line":86,"column":29}},"9":{"start":{"line":99,"column":8},"end":{"line":99,"column":49}},"10":{"start":{"line":113,"column":8},"end":{"line":113,"column":56}},"11":{"start":{"line":138,"column":8},"end":{"line":138,"column":53}},"12":{"start":{"line":152,"column":8},"end":{"line":152,"column":47}},"13":{"start":{"line":162,"column":8},"end":{"line":162,"column":74}},"14":{"start":{"line":174,"column":8},"end":{"line":174,"column":39}},"15":{"start":{"line":186,"column":8},"end":{"line":186,"column":45}},"16":{"start":{"line":197,"column":8},"end":{"line":197,"column":40}},"17":{"start":{"line":210,"column":8},"end":{"line":210,"column":31}},"18":{"start":{"line":221,"column":8},"end":{"line":221,"column":34}},"19":{"start":{"line":231,"column":8},"end":{"line":231,"column":29}},"20":{"start":{"line":243,"column":8},"end":{"line":243,"column":74}},"21":{"start":{"line":256,"column":8},"end":{"line":256,"column":22}},"22":{"start":{"line":268,"column":8},"end":{"line":268,"column":27}},"23":{"start":{"line":280,"column":8},"end":{"line":280,"column":26}},"24":{"start":{"line":292,"column":8},"end":{"line":292,"column":23}},"25":{"start":{"line":305,"column":8},"end":{"line":305,"column":28}},"26":{"start":{"line":316,"column":8},"end":{"line":316,"column":31}},"27":{"start":{"line":327,"column":8},"end":{"line":327,"column":28}},"28":{"start":{"line":338,"column":8},"end":{"line":338,"column":27}},"29":{"start":{"line":348,"column":8},"end":{"line":348,"column":23}},"30":{"start":{"line":358,"column":8},"end":{"line":358,"column":28}},"31":{"start":{"line":367,"column":8},"end":{"line":367,"column":31}},"32":{"start":{"line":379,"column":8},"end":{"line":379,"column":70}},"33":{"start":{"line":392,"column":8},"end":{"line":392,"column":58}},"34":{"start":{"line":405,"column":8},"end":{"line":405,"column":26}},"35":{"start":{"line":419,"column":8},"end":{"line":419,"column":21}},"36":{"start":{"line":435,"column":8},"end":{"line":435,"column":63}},"37":{"start":{"line":446,"column":8},"end":{"line":446,"column":29}},"38":{"start":{"line":457,"column":8},"end":{"line":457,"column":28}},"39":{"start":{"line":459,"column":8},"end":{"line":459,"column":26}},"40":{"start":{"line":470,"column":8},"end":{"line":470,"column":51}},"41":{"start":{"line":481,"column":8},"end":{"line":481,"column":26}},"42":{"start":{"line":483,"column":8},"end":{"line":483,"column":57}},"43":{"start":{"line":484,"column":8},"end":{"line":484,"column":45}},"44":{"start":{"line":496,"column":18},"end":{"line":496,"column":42}},"45":{"start":{"line":498,"column":8},"end":{"line":498,"column":24}},"46":{"start":{"line":499,"column":8},"end":{"line":499,"column":28}},"47":{"start":{"line":500,"column":8},"end":{"line":500,"column":40}},"48":{"start":{"line":501,"column":8},"end":{"line":501,"column":34}},"49":{"start":{"line":505,"column":8},"end":{"line":508,"column":9}},"50":{"start":{"line":505,"column":21},"end":{"line":505,"column":22}},"51":{"start":{"line":507,"column":12},"end":{"line":507,"column":80}},"52":{"start":{"line":510,"column":8},"end":{"line":510,"column":23}},"53":{"start":{"line":511,"column":8},"end":{"line":511,"column":28}},"54":{"start":{"line":513,"column":8},"end":{"line":513,"column":39}},"55":{"start":{"line":527,"column":8},"end":{"line":530,"column":9}},"56":{"start":{"line":529,"column":12},"end":{"line":529,"column":24}},"57":{"start":{"line":532,"column":8},"end":{"line":532,"column":28}},"58":{"start":{"line":533,"column":8},"end":{"line":533,"column":28}},"59":{"start":{"line":535,"column":8},"end":{"line":538,"column":9}},"60":{"start":{"line":535,"column":21},"end":{"line":535,"column":22}},"61":{"start":{"line":537,"column":12},"end":{"line":537,"column":48}},"62":{"start":{"line":540,"column":8},"end":{"line":540,"column":26}},"63":{"start":{"line":542,"column":8},"end":{"line":542,"column":50}},"64":{"start":{"line":544,"column":8},"end":{"line":544,"column":33}},"65":{"start":{"line":546,"column":19},"end":{"line":546,"column":91}},"66":{"start":{"line":548,"column":8},"end":{"line":548,"column":65}},"67":{"start":{"line":565,"column":18},"end":{"line":565,"column":33}},"68":{"start":{"line":566,"column":22},"end":{"line":566,"column":39}},"69":{"start":{"line":567,"column":18},"end":{"line":567,"column":40}},"70":{"start":{"line":569,"column":8},"end":{"line":574,"column":9}},"71":{"start":{"line":571,"column":12},"end":{"line":571,"column":29}},"72":{"start":{"line":573,"column":12},"end":{"line":573,"column":50}},"73":{"start":{"line":576,"column":8},"end":{"line":585,"column":9}},"74":{"start":{"line":581,"column":12},"end":{"line":581,"column":33}},"75":{"start":{"line":584,"column":12},"end":{"line":584,"column":47}},"76":{"start":{"line":590,"column":8},"end":{"line":590,"column":29}},"77":{"start":{"line":594,"column":8},"end":{"line":594,"column":26}},"78":{"start":{"line":596,"column":8},"end":{"line":599,"column":9}},"79":{"start":{"line":598,"column":12},"end":{"line":598,"column":32}},"80":{"start":{"line":602,"column":18},"end":{"line":602,"column":19}},"81":{"start":{"line":604,"column":8},"end":{"line":607,"column":9}},"82":{"start":{"line":604,"column":21},"end":{"line":604,"column":22}},"83":{"start":{"line":606,"column":12},"end":{"line":606,"column":30}},"84":{"start":{"line":610,"column":8},"end":{"line":610,"column":19}},"85":{"start":{"line":612,"column":8},"end":{"line":612,"column":19}},"86":{"start":{"line":645,"column":8},"end":{"line":645,"column":78}},"87":{"start":{"line":646,"column":8},"end":{"line":646,"column":41}},"88":{"start":{"line":647,"column":8},"end":{"line":647,"column":34}},"89":{"start":{"line":662,"column":8},"end":{"line":662,"column":24}},"90":{"start":{"line":666,"column":20},"end":{"line":666,"column":53}},"91":{"start":{"line":668,"column":8},"end":{"line":668,"column":30}},"92":{"start":{"line":671,"column":8},"end":{"line":671,"column":35}},"93":{"start":{"line":673,"column":8},"end":{"line":676,"column":9}},"94":{"start":{"line":675,"column":12},"end":{"line":675,"column":44}},"95":{"start":{"line":679,"column":8},"end":{"line":679,"column":28}},"96":{"start":{"line":681,"column":8},"end":{"line":684,"column":9}},"97":{"start":{"line":683,"column":12},"end":{"line":683,"column":33}},"98":{"start":{"line":686,"column":8},"end":{"line":686,"column":32}},"99":{"start":{"line":688,"column":8},"end":{"line":693,"column":9}},"100":{"start":{"line":690,"column":12},"end":{"line":690,"column":44}},"101":{"start":{"line":692,"column":12},"end":{"line":692,"column":27}},"102":{"start":{"line":696,"column":8},"end":{"line":696,"column":29}},"103":{"start":{"line":698,"column":8},"end":{"line":698,"column":21}},"104":{"start":{"line":713,"column":8},"end":{"line":713,"column":24}},"105":{"start":{"line":717,"column":20},"end":{"line":717,"column":53}},"106":{"start":{"line":719,"column":8},"end":{"line":719,"column":30}},"107":{"start":{"line":722,"column":8},"end":{"line":722,"column":35}},"108":{"start":{"line":724,"column":8},"end":{"line":727,"column":9}},"109":{"start":{"line":726,"column":12},"end":{"line":726,"column":44}},"110":{"start":{"line":730,"column":8},"end":{"line":730,"column":27}},"111":{"start":{"line":732,"column":8},"end":{"line":735,"column":9}},"112":{"start":{"line":734,"column":12},"end":{"line":734,"column":33}},"113":{"start":{"line":737,"column":8},"end":{"line":737,"column":32}},"114":{"start":{"line":739,"column":8},"end":{"line":739,"column":35}},"115":{"start":{"line":742,"column":8},"end":{"line":742,"column":29}},"116":{"start":{"line":744,"column":8},"end":{"line":744,"column":21}},"117":{"start":{"line":755,"column":18},"end":{"line":755,"column":42}},"118":{"start":{"line":757,"column":8},"end":{"line":764,"column":9}},"119":{"start":{"line":759,"column":12},"end":{"line":759,"column":35}},"120":{"start":{"line":763,"column":12},"end":{"line":763,"column":27}},"121":{"start":{"line":775,"column":8},"end":{"line":780,"column":9}},"122":{"start":{"line":777,"column":12},"end":{"line":777,"column":28}},"123":{"start":{"line":779,"column":12},"end":{"line":779,"column":33}},"124":{"start":{"line":794,"column":8},"end":{"line":794,"column":57}},"125":{"start":{"line":794,"column":38},"end":{"line":794,"column":55}},"126":{"start":{"line":796,"column":18},"end":{"line":796,"column":42}},"127":{"start":{"line":798,"column":8},"end":{"line":805,"column":9}},"128":{"start":{"line":800,"column":12},"end":{"line":800,"column":19}},"129":{"start":{"line":802,"column":13},"end":{"line":805,"column":9}},"130":{"start":{"line":804,"column":12},"end":{"line":804,"column":69}},"131":{"start":{"line":807,"column":19},"end":{"line":807,"column":91}},"132":{"start":{"line":809,"column":8},"end":{"line":809,"column":65}},"133":{"start":{"line":811,"column":8},"end":{"line":811,"column":28}},"134":{"start":{"line":813,"column":8},"end":{"line":813,"column":40}},"135":{"start":{"line":814,"column":8},"end":{"line":814,"column":34}},"136":{"start":{"line":815,"column":8},"end":{"line":815,"column":39}},"137":{"start":{"line":817,"column":8},"end":{"line":817,"column":20}},"138":{"start":{"line":830,"column":8},"end":{"line":830,"column":65}},"139":{"start":{"line":843,"column":8},"end":{"line":843,"column":58}},"140":{"start":{"line":856,"column":8},"end":{"line":856,"column":29}},"141":{"start":{"line":857,"column":8},"end":{"line":857,"column":29}},"142":{"start":{"line":859,"column":8},"end":{"line":859,"column":24}},"143":{"start":{"line":861,"column":8},"end":{"line":861,"column":20}},"144":{"start":{"line":873,"column":8},"end":{"line":873,"column":20}},"145":{"start":{"line":875,"column":8},"end":{"line":875,"column":27}},"146":{"start":{"line":877,"column":8},"end":{"line":877,"column":24}},"147":{"start":{"line":878,"column":8},"end":{"line":878,"column":25}},"148":{"start":{"line":879,"column":8},"end":{"line":879,"column":29}},"149":{"start":{"line":884,"column":0},"end":{"line":884,"column":26}}},"fnMap":{"0":{"name":"TimeStep","decl":{"start":{"line":41,"column":13},"end":{"line":41,"column":21}},"loc":{"start":{"line":42,"column":4},"end":{"line":436,"column":5}},"line":42},"1":{"name":"(anonymous_1)","decl":{"start":{"line":444,"column":10},"end":{"line":444,"column":11}},"loc":{"start":{"line":445,"column":4},"end":{"line":447,"column":5}},"line":445},"2":{"name":"(anonymous_2)","decl":{"start":{"line":455,"column":11},"end":{"line":455,"column":12}},"loc":{"start":{"line":456,"column":4},"end":{"line":460,"column":5}},"line":456},"3":{"name":"(anonymous_3)","decl":{"start":{"line":468,"column":11},"end":{"line":468,"column":12}},"loc":{"start":{"line":469,"column":4},"end":{"line":471,"column":5}},"line":469},"4":{"name":"(anonymous_4)","decl":{"start":{"line":479,"column":12},"end":{"line":479,"column":13}},"loc":{"start":{"line":480,"column":4},"end":{"line":485,"column":5}},"line":480},"5":{"name":"(anonymous_5)","decl":{"start":{"line":494,"column":16},"end":{"line":494,"column":17}},"loc":{"start":{"line":495,"column":4},"end":{"line":514,"column":5}},"line":495},"6":{"name":"(anonymous_6)","decl":{"start":{"line":525,"column":11},"end":{"line":525,"column":12}},"loc":{"start":{"line":526,"column":4},"end":{"line":549,"column":5}},"line":526},"7":{"name":"(anonymous_7)","decl":{"start":{"line":563,"column":17},"end":{"line":563,"column":18}},"loc":{"start":{"line":564,"column":4},"end":{"line":613,"column":5}},"line":564},"8":{"name":"(anonymous_8)","decl":{"start":{"line":643,"column":15},"end":{"line":643,"column":16}},"loc":{"start":{"line":644,"column":4},"end":{"line":648,"column":5}},"line":644},"9":{"name":"(anonymous_9)","decl":{"start":{"line":660,"column":18},"end":{"line":660,"column":19}},"loc":{"start":{"line":661,"column":4},"end":{"line":699,"column":5}},"line":661},"10":{"name":"(anonymous_10)","decl":{"start":{"line":711,"column":10},"end":{"line":711,"column":11}},"loc":{"start":{"line":712,"column":4},"end":{"line":745,"column":5}},"line":712},"11":{"name":"(anonymous_11)","decl":{"start":{"line":753,"column":10},"end":{"line":753,"column":11}},"loc":{"start":{"line":754,"column":4},"end":{"line":765,"column":5}},"line":754},"12":{"name":"(anonymous_12)","decl":{"start":{"line":773,"column":11},"end":{"line":773,"column":12}},"loc":{"start":{"line":774,"column":4},"end":{"line":781,"column":5}},"line":774},"13":{"name":"(anonymous_13)","decl":{"start":{"line":792,"column":10},"end":{"line":792,"column":11}},"loc":{"start":{"line":793,"column":4},"end":{"line":818,"column":5}},"line":793},"14":{"name":"(anonymous_14)","decl":{"start":{"line":828,"column":17},"end":{"line":828,"column":18}},"loc":{"start":{"line":829,"column":4},"end":{"line":831,"column":5}},"line":829},"15":{"name":"(anonymous_15)","decl":{"start":{"line":841,"column":19},"end":{"line":841,"column":20}},"loc":{"start":{"line":842,"column":4},"end":{"line":844,"column":5}},"line":842},"16":{"name":"(anonymous_16)","decl":{"start":{"line":854,"column":10},"end":{"line":854,"column":11}},"loc":{"start":{"line":855,"column":4},"end":{"line":862,"column":5}},"line":855},"17":{"name":"(anonymous_17)","decl":{"start":{"line":871,"column":13},"end":{"line":871,"column":14}},"loc":{"start":{"line":872,"column":4},"end":{"line":880,"column":5}},"line":872}},"branchMap":{"0":{"loc":{"start":{"line":162,"column":26},"end":{"line":162,"column":73}},"type":"cond-expr","locations":[{"start":{"line":162,"column":48},"end":{"line":162,"column":68}},{"start":{"line":162,"column":72},"end":{"line":162,"column":73}}],"line":162},"1":{"loc":{"start":{"line":527,"column":8},"end":{"line":530,"column":9}},"type":"if","locations":[{"start":{"line":527,"column":8},"end":{"line":530,"column":9}},{"start":{},"end":{}}],"line":527},"2":{"loc":{"start":{"line":546,"column":19},"end":{"line":546,"column":91}},"type":"cond-expr","locations":[{"start":{"line":546,"column":40},"end":{"line":546,"column":68}},{"start":{"line":546,"column":71},"end":{"line":546,"column":91}}],"line":546},"3":{"loc":{"start":{"line":569,"column":8},"end":{"line":574,"column":9}},"type":"if","locations":[{"start":{"line":569,"column":8},"end":{"line":574,"column":9}},{"start":{},"end":{}}],"line":569},"4":{"loc":{"start":{"line":569,"column":12},"end":{"line":569,"column":47}},"type":"binary-expr","locations":[{"start":{"line":569,"column":12},"end":{"line":569,"column":30}},{"start":{"line":569,"column":34},"end":{"line":569,"column":47}}],"line":569},"5":{"loc":{"start":{"line":576,"column":8},"end":{"line":585,"column":9}},"type":"if","locations":[{"start":{"line":576,"column":8},"end":{"line":585,"column":9}},{"start":{},"end":{}}],"line":576},"6":{"loc":{"start":{"line":596,"column":8},"end":{"line":599,"column":9}},"type":"if","locations":[{"start":{"line":596,"column":8},"end":{"line":599,"column":9}},{"start":{},"end":{}}],"line":596},"7":{"loc":{"start":{"line":673,"column":8},"end":{"line":676,"column":9}},"type":"if","locations":[{"start":{"line":673,"column":8},"end":{"line":676,"column":9}},{"start":{},"end":{}}],"line":673},"8":{"loc":{"start":{"line":681,"column":8},"end":{"line":684,"column":9}},"type":"if","locations":[{"start":{"line":681,"column":8},"end":{"line":684,"column":9}},{"start":{},"end":{}}],"line":681},"9":{"loc":{"start":{"line":688,"column":8},"end":{"line":693,"column":9}},"type":"if","locations":[{"start":{"line":688,"column":8},"end":{"line":693,"column":9}},{"start":{},"end":{}}],"line":688},"10":{"loc":{"start":{"line":724,"column":8},"end":{"line":727,"column":9}},"type":"if","locations":[{"start":{"line":724,"column":8},"end":{"line":727,"column":9}},{"start":{},"end":{}}],"line":724},"11":{"loc":{"start":{"line":732,"column":8},"end":{"line":735,"column":9}},"type":"if","locations":[{"start":{"line":732,"column":8},"end":{"line":735,"column":9}},{"start":{},"end":{}}],"line":732},"12":{"loc":{"start":{"line":757,"column":8},"end":{"line":764,"column":9}},"type":"if","locations":[{"start":{"line":757,"column":8},"end":{"line":764,"column":9}},{"start":{"line":762,"column":8},"end":{"line":764,"column":9}}],"line":757},"13":{"loc":{"start":{"line":775,"column":8},"end":{"line":780,"column":9}},"type":"if","locations":[{"start":{"line":775,"column":8},"end":{"line":780,"column":9}},{"start":{},"end":{}}],"line":775},"14":{"loc":{"start":{"line":794,"column":8},"end":{"line":794,"column":57}},"type":"if","locations":[{"start":{"line":794,"column":8},"end":{"line":794,"column":57}},{"start":{},"end":{}}],"line":794},"15":{"loc":{"start":{"line":798,"column":8},"end":{"line":805,"column":9}},"type":"if","locations":[{"start":{"line":798,"column":8},"end":{"line":805,"column":9}},{"start":{"line":802,"column":13},"end":{"line":805,"column":9}}],"line":798},"16":{"loc":{"start":{"line":802,"column":13},"end":{"line":805,"column":9}},"type":"if","locations":[{"start":{"line":802,"column":13},"end":{"line":805,"column":9}},{"start":{},"end":{}}],"line":802},"17":{"loc":{"start":{"line":807,"column":19},"end":{"line":807,"column":91}},"type":"cond-expr","locations":[{"start":{"line":807,"column":40},"end":{"line":807,"column":68}},{"start":{"line":807,"column":71},"end":{"line":807,"column":91}}],"line":807}},"s":{"0":1,"1":1,"2":1,"3":1,"4":1,"5":7,"6":7,"7":7,"8":7,"9":7,"10":7,"11":7,"12":7,"13":7,"14":7,"15":7,"16":7,"17":7,"18":7,"19":7,"20":7,"21":7,"22":7,"23":7,"24":7,"25":7,"26":7,"27":7,"28":7,"29":7,"30":7,"31":7,"32":7,"33":7,"34":7,"35":7,"36":7,"37":0,"38":0,"39":0,"40":0,"41":0,"42":0,"43":0,"44":3,"45":3,"46":3,"47":3,"48":3,"49":3,"50":3,"51":30,"52":3,"53":3,"54":3,"55":2,"56":0,"57":2,"58":2,"59":2,"60":2,"61":20,"62":2,"63":2,"64":2,"65":2,"66":2,"67":5879,"68":5879,"69":5879,"70":5879,"71":120,"72":120,"73":5879,"74":0,"75":0,"76":5879,"77":5879,"78":5879,"79":587,"80":5879,"81":5879,"82":5879,"83":58790,"84":5879,"85":5879,"86":1,"87":1,"88":1,"89":0,"90":0,"91":0,"92":0,"93":0,"94":0,"95":0,"96":0,"97":0,"98":0,"99":0,"100":0,"101":0,"102":0,"103":0,"104":5880,"105":5880,"106":5880,"107":5880,"108":5880,"109":5880,"110":5879,"111":5879,"112":1,"113":5879,"114":5879,"115":1,"116":1,"117":1,"118":1,"119":0,"120":1,"121":1,"122":1,"123":1,"124":1,"125":1,"126":1,"127":1,"128":0,"129":1,"130":0,"131":1,"132":1,"133":1,"134":1,"135":1,"136":1,"137":1,"138":0,"139":0,"140":1,"141":1,"142":1,"143":1,"144":0,"145":0,"146":0,"147":0,"148":0,"149":1},"f":{"0":7,"1":0,"2":0,"3":0,"4":0,"5":3,"6":2,"7":5879,"8":1,"9":0,"10":5880,"11":1,"12":1,"13":1,"14":0,"15":0,"16":1,"17":0},"b":{"0":[1,6],"1":[0,2],"2":[0,2],"3":[120,5759],"4":[5879,5759],"5":[0,5879],"6":[587,5292],"7":[0,0],"8":[0,0],"9":[0,0],"10":[5880,0],"11":[1,5878],"12":[0,1],"13":[1,0],"14":[1,0],"15":[0,1],"16":[0,1],"17":[0,1]},"_coverageSchema":"1a1c01bbd47fc00a2c39e90264f33305004495a9","hash":"d68a334b13b1f1f91939949c1bd75237f7ec875a"}
,"/Users/normanqian/fractalcamp/phaser/src/dom/RequestAnimationFrame.js": {"path":"/Users/normanqian/fractalcamp/phaser/src/dom/RequestAnimationFrame.js","statementMap":{"0":{"start":{"line":7,"column":12},"end":{"line":7,"column":37}},"1":{"start":{"line":8,"column":11},"end":{"line":8,"column":35}},"2":{"start":{"line":21,"column":28},"end":{"line":181,"column":2}},"3":{"start":{"line":35,"column":8},"end":{"line":35,"column":31}},"4":{"start":{"line":44,"column":8},"end":{"line":44,"column":29}},"5":{"start":{"line":54,"column":8},"end":{"line":54,"column":34}},"6":{"start":{"line":64,"column":8},"end":{"line":64,"column":30}},"7":{"start":{"line":74,"column":8},"end":{"line":74,"column":23}},"8":{"start":{"line":76,"column":20},"end":{"line":76,"column":24}},"9":{"start":{"line":89,"column":8},"end":{"line":97,"column":10}},"10":{"start":{"line":91,"column":12},"end":{"line":91,"column":33}},"11":{"start":{"line":93,"column":12},"end":{"line":96,"column":13}},"12":{"start":{"line":95,"column":16},"end":{"line":95,"column":69}},"13":{"start":{"line":108,"column":8},"end":{"line":117,"column":10}},"14":{"start":{"line":110,"column":12},"end":{"line":114,"column":13}},"15":{"start":{"line":113,"column":16},"end":{"line":113,"column":78}},"16":{"start":{"line":116,"column":12},"end":{"line":116,"column":53}},"17":{"start":{"line":132,"column":8},"end":{"line":135,"column":9}},"18":{"start":{"line":134,"column":12},"end":{"line":134,"column":19}},"19":{"start":{"line":137,"column":8},"end":{"line":137,"column":33}},"20":{"start":{"line":139,"column":8},"end":{"line":139,"column":44}},"21":{"start":{"line":141,"column":8},"end":{"line":141,"column":27}},"22":{"start":{"line":143,"column":8},"end":{"line":143,"column":30}},"23":{"start":{"line":145,"column":8},"end":{"line":145,"column":126}},"24":{"start":{"line":156,"column":8},"end":{"line":156,"column":31}},"25":{"start":{"line":158,"column":8},"end":{"line":165,"column":9}},"26":{"start":{"line":160,"column":12},"end":{"line":160,"column":41}},"27":{"start":{"line":164,"column":12},"end":{"line":164,"column":56}},"28":{"start":{"line":176,"column":8},"end":{"line":176,"column":20}},"29":{"start":{"line":178,"column":8},"end":{"line":178,"column":29}},"30":{"start":{"line":183,"column":0},"end":{"line":183,"column":39}}},"fnMap":{"0":{"name":"RequestAnimationFrame","decl":{"start":{"line":25,"column":13},"end":{"line":25,"column":34}},"loc":{"start":{"line":26,"column":4},"end":{"line":118,"column":5}},"line":26},"1":{"name":"step","decl":{"start":{"line":89,"column":29},"end":{"line":89,"column":33}},"loc":{"start":{"line":90,"column":8},"end":{"line":97,"column":9}},"line":90},"2":{"name":"stepTimeout","decl":{"start":{"line":108,"column":36},"end":{"line":108,"column":47}},"loc":{"start":{"line":109,"column":8},"end":{"line":117,"column":9}},"line":109},"3":{"name":"(anonymous_3)","decl":{"start":{"line":130,"column":11},"end":{"line":130,"column":12}},"loc":{"start":{"line":131,"column":4},"end":{"line":146,"column":5}},"line":131},"4":{"name":"(anonymous_4)","decl":{"start":{"line":154,"column":10},"end":{"line":154,"column":11}},"loc":{"start":{"line":155,"column":4},"end":{"line":166,"column":5}},"line":155},"5":{"name":"(anonymous_5)","decl":{"start":{"line":174,"column":13},"end":{"line":174,"column":14}},"loc":{"start":{"line":175,"column":4},"end":{"line":179,"column":5}},"line":175}},"branchMap":{"0":{"loc":{"start":{"line":93,"column":12},"end":{"line":96,"column":13}},"type":"if","locations":[{"start":{"line":93,"column":12},"end":{"line":96,"column":13}},{"start":{},"end":{}}],"line":93},"1":{"loc":{"start":{"line":110,"column":12},"end":{"line":114,"column":13}},"type":"if","locations":[{"start":{"line":110,"column":12},"end":{"line":114,"column":13}},{"start":{},"end":{}}],"line":110},"2":{"loc":{"start":{"line":132,"column":8},"end":{"line":135,"column":9}},"type":"if","locations":[{"start":{"line":132,"column":8},"end":{"line":135,"column":9}},{"start":{},"end":{}}],"line":132},"3":{"loc":{"start":{"line":145,"column":25},"end":{"line":145,"column":125}},"type":"cond-expr","locations":[{"start":{"line":145,"column":45},"end":{"line":145,"column":83}},{"start":{"line":145,"column":86},"end":{"line":145,"column":125}}],"line":145},"4":{"loc":{"start":{"line":158,"column":8},"end":{"line":165,"column":9}},"type":"if","locations":[{"start":{"line":158,"column":8},"end":{"line":165,"column":9}},{"start":{"line":163,"column":8},"end":{"line":165,"column":9}}],"line":158}},"s":{"0":1,"1":1,"2":1,"3":7,"4":7,"5":7,"6":7,"7":7,"8":7,"9":7,"10":0,"11":0,"12":0,"13":7,"14":0,"15":0,"16":0,"17":0,"18":0,"19":0,"20":0,"21":0,"22":0,"23":0,"24":0,"25":0,"26":0,"27":0,"28":0,"29":0,"30":1},"f":{"0":7,"1":0,"2":0,"3":0,"4":0,"5":0},"b":{"0":[0,0],"1":[0,0],"2":[0,0],"3":[0,0],"4":[0,0]},"_coverageSchema":"1a1c01bbd47fc00a2c39e90264f33305004495a9","hash":"304198323faefdea9abc502ae4ced810424a3581"}
,"/Users/normanqian/fractalcamp/phaser/src/geom/const.js": {"path":"/Users/normanqian/fractalcamp/phaser/src/geom/const.js","statementMap":{"0":{"start":{"line":7,"column":17},"end":{"line":72,"column":1}},"1":{"start":{"line":74,"column":0},"end":{"line":74,"column":28}}},"fnMap":{},"branchMap":{},"s":{"0":2,"1":2},"f":{},"b":{},"_coverageSchema":"1a1c01bbd47fc00a2c39e90264f33305004495a9","hash":"863157720e937c2a6faf017862f68e0194d64871"}
,"/Users/normanqian/fractalcamp/phaser/src/geom/line/GetPoint.js": {"path":"/Users/normanqian/fractalcamp/phaser/src/geom/line/GetPoint.js","statementMap":{"0":{"start":{"line":7,"column":12},"end":{"line":7,"column":37}},"1":{"start":{"line":23,"column":15},"end":{"line":31,"column":1}},"2":{"start":{"line":25,"column":4},"end":{"line":25,"column":49}},"3":{"start":{"line":25,"column":29},"end":{"line":25,"column":47}},"4":{"start":{"line":27,"column":4},"end":{"line":27,"column":53}},"5":{"start":{"line":28,"column":4},"end":{"line":28,"column":53}},"6":{"start":{"line":30,"column":4},"end":{"line":30,"column":15}},"7":{"start":{"line":33,"column":0},"end":{"line":33,"column":26}}},"fnMap":{"0":{"name":"(anonymous_0)","decl":{"start":{"line":23,"column":15},"end":{"line":23,"column":16}},"loc":{"start":{"line":24,"column":0},"end":{"line":31,"column":1}},"line":24}},"branchMap":{"0":{"loc":{"start":{"line":25,"column":4},"end":{"line":25,"column":49}},"type":"if","locations":[{"start":{"line":25,"column":4},"end":{"line":25,"column":49}},{"start":{},"end":{}}],"line":25}},"s":{"0":1,"1":1,"2":0,"3":0,"4":0,"5":0,"6":0,"7":1},"f":{"0":0},"b":{"0":[0,0]},"_coverageSchema":"1a1c01bbd47fc00a2c39e90264f33305004495a9","hash":"58a145215223a6ce70f0a8d7b2cf07eeff162197"}
,"/Users/normanqian/fractalcamp/phaser/src/geom/line/GetPoints.js": {"path":"/Users/normanqian/fractalcamp/phaser/src/geom/line/GetPoints.js","statementMap":{"0":{"start":{"line":7,"column":13},"end":{"line":7,"column":32}},"1":{"start":{"line":8,"column":12},"end":{"line":8,"column":37}},"2":{"start":{"line":32,"column":16},"end":{"line":59,"column":1}},"3":{"start":{"line":34,"column":4},"end":{"line":34,"column":40}},"4":{"start":{"line":34,"column":29},"end":{"line":34,"column":38}},"5":{"start":{"line":37,"column":4},"end":{"line":40,"column":5}},"6":{"start":{"line":39,"column":8},"end":{"line":39,"column":43}},"7":{"start":{"line":42,"column":13},"end":{"line":42,"column":20}},"8":{"start":{"line":43,"column":13},"end":{"line":43,"column":20}},"9":{"start":{"line":45,"column":13},"end":{"line":45,"column":20}},"10":{"start":{"line":46,"column":13},"end":{"line":46,"column":20}},"11":{"start":{"line":48,"column":4},"end":{"line":56,"column":5}},"12":{"start":{"line":48,"column":17},"end":{"line":48,"column":18}},"13":{"start":{"line":50,"column":23},"end":{"line":50,"column":35}},"14":{"start":{"line":52,"column":16},"end":{"line":52,"column":41}},"15":{"start":{"line":53,"column":16},"end":{"line":53,"column":41}},"16":{"start":{"line":55,"column":8},"end":{"line":55,"column":34}},"17":{"start":{"line":58,"column":4},"end":{"line":58,"column":15}},"18":{"start":{"line":61,"column":0},"end":{"line":61,"column":27}}},"fnMap":{"0":{"name":"(anonymous_0)","decl":{"start":{"line":32,"column":16},"end":{"line":32,"column":17}},"loc":{"start":{"line":33,"column":0},"end":{"line":59,"column":1}},"line":33}},"branchMap":{"0":{"loc":{"start":{"line":34,"column":4},"end":{"line":34,"column":40}},"type":"if","locations":[{"start":{"line":34,"column":4},"end":{"line":34,"column":40}},{"start":{},"end":{}}],"line":34},"1":{"loc":{"start":{"line":37,"column":4},"end":{"line":40,"column":5}},"type":"if","locations":[{"start":{"line":37,"column":4},"end":{"line":40,"column":5}},{"start":{},"end":{}}],"line":37},"2":{"loc":{"start":{"line":37,"column":8},"end":{"line":37,"column":33}},"type":"binary-expr","locations":[{"start":{"line":37,"column":8},"end":{"line":37,"column":17}},{"start":{"line":37,"column":21},"end":{"line":37,"column":33}}],"line":37}},"s":{"0":1,"1":1,"2":1,"3":0,"4":0,"5":0,"6":0,"7":0,"8":0,"9":0,"10":0,"11":0,"12":0,"13":0,"14":0,"15":0,"16":0,"17":0,"18":1},"f":{"0":0},"b":{"0":[0,0],"1":[0,0],"2":[0,0]},"_coverageSchema":"1a1c01bbd47fc00a2c39e90264f33305004495a9","hash":"d439af6316ba9eab52b1a7c7e2db80a6d63d0e00"}
,"/Users/normanqian/fractalcamp/phaser/src/geom/line/Length.js": {"path":"/Users/normanqian/fractalcamp/phaser/src/geom/line/Length.js","statementMap":{"0":{"start":{"line":17,"column":13},"end":{"line":20,"column":1}},"1":{"start":{"line":19,"column":4},"end":{"line":19,"column":108}},"2":{"start":{"line":22,"column":0},"end":{"line":22,"column":24}}},"fnMap":{"0":{"name":"(anonymous_0)","decl":{"start":{"line":17,"column":13},"end":{"line":17,"column":14}},"loc":{"start":{"line":18,"column":0},"end":{"line":20,"column":1}},"line":18}},"branchMap":{},"s":{"0":1,"1":0,"2":1},"f":{"0":0},"b":{},"_coverageSchema":"1a1c01bbd47fc00a2c39e90264f33305004495a9","hash":"2bc497a906afae76360c272a1bfcf5dfd6bec3bc"}
,"/Users/normanqian/fractalcamp/phaser/src/geom/line/Line.js": {"path":"/Users/normanqian/fractalcamp/phaser/src/geom/line/Line.js","statementMap":{"0":{"start":{"line":7,"column":12},"end":{"line":7,"column":40}},"1":{"start":{"line":8,"column":15},"end":{"line":8,"column":36}},"2":{"start":{"line":9,"column":16},"end":{"line":9,"column":38}},"3":{"start":{"line":10,"column":17},"end":{"line":10,"column":36}},"4":{"start":{"line":11,"column":13},"end":{"line":11,"column":32}},"5":{"start":{"line":12,"column":14},"end":{"line":12,"column":43}},"6":{"start":{"line":28,"column":11},"end":{"line":351,"column":2}},"7":{"start":{"line":34,"column":8},"end":{"line":34,"column":41}},"8":{"start":{"line":34,"column":32},"end":{"line":34,"column":39}},"9":{"start":{"line":35,"column":8},"end":{"line":35,"column":41}},"10":{"start":{"line":35,"column":32},"end":{"line":35,"column":39}},"11":{"start":{"line":36,"column":8},"end":{"line":36,"column":41}},"12":{"start":{"line":36,"column":32},"end":{"line":36,"column":39}},"13":{"start":{"line":37,"column":8},"end":{"line":37,"column":41}},"14":{"start":{"line":37,"column":32},"end":{"line":37,"column":39}},"15":{"start":{"line":48,"column":8},"end":{"line":48,"column":36}},"16":{"start":{"line":57,"column":8},"end":{"line":57,"column":21}},"17":{"start":{"line":66,"column":8},"end":{"line":66,"column":21}},"18":{"start":{"line":75,"column":8},"end":{"line":75,"column":21}},"19":{"start":{"line":84,"column":8},"end":{"line":84,"column":21}},"20":{"start":{"line":102,"column":8},"end":{"line":102,"column":48}},"21":{"start":{"line":126,"column":8},"end":{"line":126,"column":59}},"22":{"start":{"line":143,"column":8},"end":{"line":143,"column":35}},"23":{"start":{"line":161,"column":8},"end":{"line":161,"column":41}},"24":{"start":{"line":161,"column":32},"end":{"line":161,"column":39}},"25":{"start":{"line":162,"column":8},"end":{"line":162,"column":41}},"26":{"start":{"line":162,"column":32},"end":{"line":162,"column":39}},"27":{"start":{"line":163,"column":8},"end":{"line":163,"column":41}},"28":{"start":{"line":163,"column":32},"end":{"line":163,"column":39}},"29":{"start":{"line":164,"column":8},"end":{"line":164,"column":41}},"30":{"start":{"line":164,"column":32},"end":{"line":164,"column":39}},"31":{"start":{"line":166,"column":8},"end":{"line":166,"column":21}},"32":{"start":{"line":167,"column":8},"end":{"line":167,"column":21}},"33":{"start":{"line":169,"column":8},"end":{"line":169,"column":21}},"34":{"start":{"line":170,"column":8},"end":{"line":170,"column":21}},"35":{"start":{"line":172,"column":8},"end":{"line":172,"column":20}},"36":{"start":{"line":188,"column":8},"end":{"line":188,"column":26}},"37":{"start":{"line":189,"column":8},"end":{"line":189,"column":26}},"38":{"start":{"line":191,"column":8},"end":{"line":191,"column":24}},"39":{"start":{"line":192,"column":8},"end":{"line":192,"column":24}},"40":{"start":{"line":194,"column":8},"end":{"line":194,"column":20}},"41":{"start":{"line":211,"column":8},"end":{"line":211,"column":57}},"42":{"start":{"line":211,"column":34},"end":{"line":211,"column":55}},"43":{"start":{"line":213,"column":8},"end":{"line":213,"column":35}},"44":{"start":{"line":215,"column":8},"end":{"line":215,"column":20}},"45":{"start":{"line":232,"column":8},"end":{"line":232,"column":57}},"46":{"start":{"line":232,"column":34},"end":{"line":232,"column":55}},"47":{"start":{"line":234,"column":8},"end":{"line":234,"column":35}},"48":{"start":{"line":236,"column":8},"end":{"line":236,"column":20}},"49":{"start":{"line":250,"column":12},"end":{"line":250,"column":46}},"50":{"start":{"line":255,"column":12},"end":{"line":262,"column":13}},"51":{"start":{"line":257,"column":16},"end":{"line":257,"column":32}},"52":{"start":{"line":261,"column":16},"end":{"line":261,"column":32}},"53":{"start":{"line":278,"column":12},"end":{"line":278,"column":46}},"54":{"start":{"line":283,"column":12},"end":{"line":290,"column":13}},"55":{"start":{"line":285,"column":16},"end":{"line":285,"column":32}},"56":{"start":{"line":289,"column":16},"end":{"line":289,"column":32}},"57":{"start":{"line":306,"column":12},"end":{"line":306,"column":46}},"58":{"start":{"line":311,"column":12},"end":{"line":318,"column":13}},"59":{"start":{"line":313,"column":16},"end":{"line":313,"column":32}},"60":{"start":{"line":317,"column":16},"end":{"line":317,"column":32}},"61":{"start":{"line":334,"column":12},"end":{"line":334,"column":46}},"62":{"start":{"line":339,"column":12},"end":{"line":346,"column":13}},"63":{"start":{"line":341,"column":16},"end":{"line":341,"column":32}},"64":{"start":{"line":345,"column":16},"end":{"line":345,"column":32}},"65":{"start":{"line":353,"column":0},"end":{"line":353,"column":22}}},"fnMap":{"0":{"name":"Line","decl":{"start":{"line":32,"column":13},"end":{"line":32,"column":17}},"loc":{"start":{"line":33,"column":4},"end":{"line":85,"column":5}},"line":33},"1":{"name":"(anonymous_1)","decl":{"start":{"line":100,"column":14},"end":{"line":100,"column":15}},"loc":{"start":{"line":101,"column":4},"end":{"line":103,"column":5}},"line":101},"2":{"name":"(anonymous_2)","decl":{"start":{"line":124,"column":15},"end":{"line":124,"column":16}},"loc":{"start":{"line":125,"column":4},"end":{"line":127,"column":5}},"line":125},"3":{"name":"(anonymous_3)","decl":{"start":{"line":141,"column":20},"end":{"line":141,"column":21}},"loc":{"start":{"line":142,"column":4},"end":{"line":144,"column":5}},"line":142},"4":{"name":"(anonymous_4)","decl":{"start":{"line":159,"column":11},"end":{"line":159,"column":12}},"loc":{"start":{"line":160,"column":4},"end":{"line":173,"column":5}},"line":160},"5":{"name":"(anonymous_5)","decl":{"start":{"line":186,"column":20},"end":{"line":186,"column":21}},"loc":{"start":{"line":187,"column":4},"end":{"line":195,"column":5}},"line":187},"6":{"name":"(anonymous_6)","decl":{"start":{"line":209,"column":15},"end":{"line":209,"column":16}},"loc":{"start":{"line":210,"column":4},"end":{"line":216,"column":5}},"line":210},"7":{"name":"(anonymous_7)","decl":{"start":{"line":230,"column":15},"end":{"line":230,"column":16}},"loc":{"start":{"line":231,"column":4},"end":{"line":237,"column":5}},"line":231},"8":{"name":"(anonymous_8)","decl":{"start":{"line":248,"column":13},"end":{"line":248,"column":14}},"loc":{"start":{"line":249,"column":8},"end":{"line":251,"column":9}},"line":249},"9":{"name":"(anonymous_9)","decl":{"start":{"line":253,"column":13},"end":{"line":253,"column":14}},"loc":{"start":{"line":254,"column":8},"end":{"line":263,"column":9}},"line":254},"10":{"name":"(anonymous_10)","decl":{"start":{"line":276,"column":13},"end":{"line":276,"column":14}},"loc":{"start":{"line":277,"column":8},"end":{"line":279,"column":9}},"line":277},"11":{"name":"(anonymous_11)","decl":{"start":{"line":281,"column":13},"end":{"line":281,"column":14}},"loc":{"start":{"line":282,"column":8},"end":{"line":291,"column":9}},"line":282},"12":{"name":"(anonymous_12)","decl":{"start":{"line":304,"column":13},"end":{"line":304,"column":14}},"loc":{"start":{"line":305,"column":8},"end":{"line":307,"column":9}},"line":305},"13":{"name":"(anonymous_13)","decl":{"start":{"line":309,"column":13},"end":{"line":309,"column":14}},"loc":{"start":{"line":310,"column":8},"end":{"line":319,"column":9}},"line":310},"14":{"name":"(anonymous_14)","decl":{"start":{"line":332,"column":13},"end":{"line":332,"column":14}},"loc":{"start":{"line":333,"column":8},"end":{"line":335,"column":9}},"line":333},"15":{"name":"(anonymous_15)","decl":{"start":{"line":337,"column":13},"end":{"line":337,"column":14}},"loc":{"start":{"line":338,"column":8},"end":{"line":347,"column":9}},"line":338}},"branchMap":{"0":{"loc":{"start":{"line":34,"column":8},"end":{"line":34,"column":41}},"type":"if","locations":[{"start":{"line":34,"column":8},"end":{"line":34,"column":41}},{"start":{},"end":{}}],"line":34},"1":{"loc":{"start":{"line":35,"column":8},"end":{"line":35,"column":41}},"type":"if","locations":[{"start":{"line":35,"column":8},"end":{"line":35,"column":41}},{"start":{},"end":{}}],"line":35},"2":{"loc":{"start":{"line":36,"column":8},"end":{"line":36,"column":41}},"type":"if","locations":[{"start":{"line":36,"column":8},"end":{"line":36,"column":41}},{"start":{},"end":{}}],"line":36},"3":{"loc":{"start":{"line":37,"column":8},"end":{"line":37,"column":41}},"type":"if","locations":[{"start":{"line":37,"column":8},"end":{"line":37,"column":41}},{"start":{},"end":{}}],"line":37},"4":{"loc":{"start":{"line":161,"column":8},"end":{"line":161,"column":41}},"type":"if","locations":[{"start":{"line":161,"column":8},"end":{"line":161,"column":41}},{"start":{},"end":{}}],"line":161},"5":{"loc":{"start":{"line":162,"column":8},"end":{"line":162,"column":41}},"type":"if","locations":[{"start":{"line":162,"column":8},"end":{"line":162,"column":41}},{"start":{},"end":{}}],"line":162},"6":{"loc":{"start":{"line":163,"column":8},"end":{"line":163,"column":41}},"type":"if","locations":[{"start":{"line":163,"column":8},"end":{"line":163,"column":41}},{"start":{},"end":{}}],"line":163},"7":{"loc":{"start":{"line":164,"column":8},"end":{"line":164,"column":41}},"type":"if","locations":[{"start":{"line":164,"column":8},"end":{"line":164,"column":41}},{"start":{},"end":{}}],"line":164},"8":{"loc":{"start":{"line":211,"column":8},"end":{"line":211,"column":57}},"type":"if","locations":[{"start":{"line":211,"column":8},"end":{"line":211,"column":57}},{"start":{},"end":{}}],"line":211},"9":{"loc":{"start":{"line":232,"column":8},"end":{"line":232,"column":57}},"type":"if","locations":[{"start":{"line":232,"column":8},"end":{"line":232,"column":57}},{"start":{},"end":{}}],"line":232},"10":{"loc":{"start":{"line":255,"column":12},"end":{"line":262,"column":13}},"type":"if","locations":[{"start":{"line":255,"column":12},"end":{"line":262,"column":13}},{"start":{"line":260,"column":12},"end":{"line":262,"column":13}}],"line":255},"11":{"loc":{"start":{"line":283,"column":12},"end":{"line":290,"column":13}},"type":"if","locations":[{"start":{"line":283,"column":12},"end":{"line":290,"column":13}},{"start":{"line":288,"column":12},"end":{"line":290,"column":13}}],"line":283},"12":{"loc":{"start":{"line":311,"column":12},"end":{"line":318,"column":13}},"type":"if","locations":[{"start":{"line":311,"column":12},"end":{"line":318,"column":13}},{"start":{"line":316,"column":12},"end":{"line":318,"column":13}}],"line":311},"13":{"loc":{"start":{"line":339,"column":12},"end":{"line":346,"column":13}},"type":"if","locations":[{"start":{"line":339,"column":12},"end":{"line":346,"column":13}},{"start":{"line":344,"column":12},"end":{"line":346,"column":13}}],"line":339}},"s":{"0":1,"1":1,"2":1,"3":1,"4":1,"5":1,"6":1,"7":0,"8":0,"9":0,"10":0,"11":0,"12":0,"13":0,"14":0,"15":0,"16":0,"17":0,"18":0,"19":0,"20":0,"21":0,"22":0,"23":0,"24":0,"25":0,"26":0,"27":0,"28":0,"29":0,"30":0,"31":0,"32":0,"33":0,"34":0,"35":0,"36":0,"37":0,"38":0,"39":0,"40":0,"41":0,"42":0,"43":0,"44":0,"45":0,"46":0,"47":0,"48":0,"49":0,"50":0,"51":0,"52":0,"53":0,"54":0,"55":0,"56":0,"57":0,"58":0,"59":0,"60":0,"61":0,"62":0,"63":0,"64":0,"65":1},"f":{"0":0,"1":0,"2":0,"3":0,"4":0,"5":0,"6":0,"7":0,"8":0,"9":0,"10":0,"11":0,"12":0,"13":0,"14":0,"15":0},"b":{"0":[0,0],"1":[0,0],"2":[0,0],"3":[0,0],"4":[0,0],"5":[0,0],"6":[0,0],"7":[0,0],"8":[0,0],"9":[0,0],"10":[0,0],"11":[0,0],"12":[0,0],"13":[0,0]},"_coverageSchema":"1a1c01bbd47fc00a2c39e90264f33305004495a9","hash":"42b52897622bd5a9c838f8db92eb4ab275c1a032"}
,"/Users/normanqian/fractalcamp/phaser/src/geom/line/Random.js": {"path":"/Users/normanqian/fractalcamp/phaser/src/geom/line/Random.js","statementMap":{"0":{"start":{"line":7,"column":12},"end":{"line":7,"column":37}},"1":{"start":{"line":22,"column":13},"end":{"line":32,"column":1}},"2":{"start":{"line":24,"column":4},"end":{"line":24,"column":49}},"3":{"start":{"line":24,"column":29},"end":{"line":24,"column":47}},"4":{"start":{"line":26,"column":12},"end":{"line":26,"column":25}},"5":{"start":{"line":28,"column":4},"end":{"line":28,"column":46}},"6":{"start":{"line":29,"column":4},"end":{"line":29,"column":46}},"7":{"start":{"line":31,"column":4},"end":{"line":31,"column":15}},"8":{"start":{"line":34,"column":0},"end":{"line":34,"column":24}}},"fnMap":{"0":{"name":"(anonymous_0)","decl":{"start":{"line":22,"column":13},"end":{"line":22,"column":14}},"loc":{"start":{"line":23,"column":0},"end":{"line":32,"column":1}},"line":23}},"branchMap":{"0":{"loc":{"start":{"line":24,"column":4},"end":{"line":24,"column":49}},"type":"if","locations":[{"start":{"line":24,"column":4},"end":{"line":24,"column":49}},{"start":{},"end":{}}],"line":24}},"s":{"0":1,"1":1,"2":0,"3":0,"4":0,"5":0,"6":0,"7":0,"8":1},"f":{"0":0},"b":{"0":[0,0]},"_coverageSchema":"1a1c01bbd47fc00a2c39e90264f33305004495a9","hash":"fa2875ce7122c5f637afd60b2793376add897eba"}
,"/Users/normanqian/fractalcamp/phaser/src/geom/point/Point.js": {"path":"/Users/normanqian/fractalcamp/phaser/src/geom/point/Point.js","statementMap":{"0":{"start":{"line":7,"column":12},"end":{"line":7,"column":40}},"1":{"start":{"line":8,"column":17},"end":{"line":8,"column":36}},"2":{"start":{"line":22,"column":12},"end":{"line":85,"column":2}},"3":{"start":{"line":28,"column":8},"end":{"line":28,"column":39}},"4":{"start":{"line":28,"column":31},"end":{"line":28,"column":37}},"5":{"start":{"line":29,"column":8},"end":{"line":29,"column":39}},"6":{"start":{"line":29,"column":31},"end":{"line":29,"column":37}},"7":{"start":{"line":40,"column":8},"end":{"line":40,"column":37}},"8":{"start":{"line":50,"column":8},"end":{"line":50,"column":19}},"9":{"start":{"line":60,"column":8},"end":{"line":60,"column":19}},"10":{"start":{"line":76,"column":8},"end":{"line":76,"column":39}},"11":{"start":{"line":76,"column":31},"end":{"line":76,"column":37}},"12":{"start":{"line":77,"column":8},"end":{"line":77,"column":39}},"13":{"start":{"line":77,"column":31},"end":{"line":77,"column":37}},"14":{"start":{"line":79,"column":8},"end":{"line":79,"column":19}},"15":{"start":{"line":80,"column":8},"end":{"line":80,"column":19}},"16":{"start":{"line":82,"column":8},"end":{"line":82,"column":20}},"17":{"start":{"line":87,"column":0},"end":{"line":87,"column":23}}},"fnMap":{"0":{"name":"Point","decl":{"start":{"line":26,"column":13},"end":{"line":26,"column":18}},"loc":{"start":{"line":27,"column":4},"end":{"line":61,"column":5}},"line":27},"1":{"name":"(anonymous_1)","decl":{"start":{"line":74,"column":11},"end":{"line":74,"column":12}},"loc":{"start":{"line":75,"column":4},"end":{"line":83,"column":5}},"line":75}},"branchMap":{"0":{"loc":{"start":{"line":28,"column":8},"end":{"line":28,"column":39}},"type":"if","locations":[{"start":{"line":28,"column":8},"end":{"line":28,"column":39}},{"start":{},"end":{}}],"line":28},"1":{"loc":{"start":{"line":29,"column":8},"end":{"line":29,"column":39}},"type":"if","locations":[{"start":{"line":29,"column":8},"end":{"line":29,"column":39}},{"start":{},"end":{}}],"line":29},"2":{"loc":{"start":{"line":76,"column":8},"end":{"line":76,"column":39}},"type":"if","locations":[{"start":{"line":76,"column":8},"end":{"line":76,"column":39}},{"start":{},"end":{}}],"line":76},"3":{"loc":{"start":{"line":77,"column":8},"end":{"line":77,"column":39}},"type":"if","locations":[{"start":{"line":77,"column":8},"end":{"line":77,"column":39}},{"start":{},"end":{}}],"line":77}},"s":{"0":2,"1":2,"2":2,"3":9,"4":5,"5":9,"6":6,"7":9,"8":9,"9":9,"10":4,"11":1,"12":4,"13":2,"14":4,"15":4,"16":4,"17":2},"f":{"0":9,"1":4},"b":{"0":[5,4],"1":[6,3],"2":[1,3],"3":[2,2]},"_coverageSchema":"1a1c01bbd47fc00a2c39e90264f33305004495a9","hash":"dc0f0b150ede9ba06f094679955a1fbc3ba2f3af"}
,"/Users/normanqian/fractalcamp/phaser/src/geom/rectangle/Contains.js": {"path":"/Users/normanqian/fractalcamp/phaser/src/geom/rectangle/Contains.js","statementMap":{"0":{"start":{"line":19,"column":15},"end":{"line":27,"column":1}},"1":{"start":{"line":21,"column":4},"end":{"line":24,"column":5}},"2":{"start":{"line":23,"column":8},"end":{"line":23,"column":21}},"3":{"start":{"line":26,"column":4},"end":{"line":26,"column":97}},"4":{"start":{"line":29,"column":0},"end":{"line":29,"column":26}}},"fnMap":{"0":{"name":"(anonymous_0)","decl":{"start":{"line":19,"column":15},"end":{"line":19,"column":16}},"loc":{"start":{"line":20,"column":0},"end":{"line":27,"column":1}},"line":20}},"branchMap":{"0":{"loc":{"start":{"line":21,"column":4},"end":{"line":24,"column":5}},"type":"if","locations":[{"start":{"line":21,"column":4},"end":{"line":24,"column":5}},{"start":{},"end":{}}],"line":21},"1":{"loc":{"start":{"line":21,"column":8},"end":{"line":21,"column":43}},"type":"binary-expr","locations":[{"start":{"line":21,"column":8},"end":{"line":21,"column":23}},{"start":{"line":21,"column":27},"end":{"line":21,"column":43}}],"line":21},"2":{"loc":{"start":{"line":26,"column":12},"end":{"line":26,"column":95}},"type":"binary-expr","locations":[{"start":{"line":26,"column":12},"end":{"line":26,"column":23}},{"start":{"line":26,"column":27},"end":{"line":26,"column":51}},{"start":{"line":26,"column":55},"end":{"line":26,"column":66}},{"start":{"line":26,"column":70},"end":{"line":26,"column":95}}],"line":26}},"s":{"0":1,"1":9,"2":0,"3":9,"4":1},"f":{"0":9},"b":{"0":[0,9],"1":[9,9],"2":[9,8,7,6]},"_coverageSchema":"1a1c01bbd47fc00a2c39e90264f33305004495a9","hash":"3382b50d7371bbbd308a178f10c0c51ce6c5fbf7"}
,"/Users/normanqian/fractalcamp/phaser/src/geom/rectangle/GetPoint.js": {"path":"/Users/normanqian/fractalcamp/phaser/src/geom/rectangle/GetPoint.js","statementMap":{"0":{"start":{"line":7,"column":16},"end":{"line":7,"column":38}},"1":{"start":{"line":8,"column":12},"end":{"line":8,"column":37}},"2":{"start":{"line":28,"column":15},"end":{"line":73,"column":1}},"3":{"start":{"line":30,"column":4},"end":{"line":30,"column":49}},"4":{"start":{"line":30,"column":29},"end":{"line":30,"column":47}},"5":{"start":{"line":32,"column":4},"end":{"line":38,"column":5}},"6":{"start":{"line":34,"column":8},"end":{"line":34,"column":28}},"7":{"start":{"line":35,"column":8},"end":{"line":35,"column":28}},"8":{"start":{"line":37,"column":8},"end":{"line":37,"column":19}},"9":{"start":{"line":40,"column":12},"end":{"line":40,"column":43}},"10":{"start":{"line":42,"column":4},"end":{"line":70,"column":5}},"11":{"start":{"line":44,"column":8},"end":{"line":44,"column":50}},"12":{"start":{"line":46,"column":8},"end":{"line":57,"column":9}},"13":{"start":{"line":49,"column":12},"end":{"line":49,"column":40}},"14":{"start":{"line":50,"column":12},"end":{"line":50,"column":37}},"15":{"start":{"line":55,"column":12},"end":{"line":55,"column":32}},"16":{"start":{"line":56,"column":12},"end":{"line":56,"column":61}},"17":{"start":{"line":59,"column":9},"end":{"line":70,"column":5}},"18":{"start":{"line":62,"column":8},"end":{"line":62,"column":32}},"19":{"start":{"line":63,"column":8},"end":{"line":63,"column":28}},"20":{"start":{"line":68,"column":8},"end":{"line":68,"column":32}},"21":{"start":{"line":69,"column":8},"end":{"line":69,"column":52}},"22":{"start":{"line":72,"column":4},"end":{"line":72,"column":15}},"23":{"start":{"line":75,"column":0},"end":{"line":75,"column":26}}},"fnMap":{"0":{"name":"(anonymous_0)","decl":{"start":{"line":28,"column":15},"end":{"line":28,"column":16}},"loc":{"start":{"line":29,"column":0},"end":{"line":73,"column":1}},"line":29}},"branchMap":{"0":{"loc":{"start":{"line":30,"column":4},"end":{"line":30,"column":49}},"type":"if","locations":[{"start":{"line":30,"column":4},"end":{"line":30,"column":49}},{"start":{},"end":{}}],"line":30},"1":{"loc":{"start":{"line":32,"column":4},"end":{"line":38,"column":5}},"type":"if","locations":[{"start":{"line":32,"column":4},"end":{"line":38,"column":5}},{"start":{},"end":{}}],"line":32},"2":{"loc":{"start":{"line":32,"column":8},"end":{"line":32,"column":38}},"type":"binary-expr","locations":[{"start":{"line":32,"column":8},"end":{"line":32,"column":21}},{"start":{"line":32,"column":25},"end":{"line":32,"column":38}}],"line":32},"3":{"loc":{"start":{"line":42,"column":4},"end":{"line":70,"column":5}},"type":"if","locations":[{"start":{"line":42,"column":4},"end":{"line":70,"column":5}},{"start":{"line":59,"column":9},"end":{"line":70,"column":5}}],"line":42},"4":{"loc":{"start":{"line":46,"column":8},"end":{"line":57,"column":9}},"type":"if","locations":[{"start":{"line":46,"column":8},"end":{"line":57,"column":9}},{"start":{"line":53,"column":8},"end":{"line":57,"column":9}}],"line":46},"5":{"loc":{"start":{"line":59,"column":9},"end":{"line":70,"column":5}},"type":"if","locations":[{"start":{"line":59,"column":9},"end":{"line":70,"column":5}},{"start":{"line":66,"column":4},"end":{"line":70,"column":5}}],"line":59}},"s":{"0":1,"1":1,"2":1,"3":0,"4":0,"5":0,"6":0,"7":0,"8":0,"9":0,"10":0,"11":0,"12":0,"13":0,"14":0,"15":0,"16":0,"17":0,"18":0,"19":0,"20":0,"21":0,"22":0,"23":1},"f":{"0":0},"b":{"0":[0,0],"1":[0,0],"2":[0,0],"3":[0,0],"4":[0,0],"5":[0,0]},"_coverageSchema":"1a1c01bbd47fc00a2c39e90264f33305004495a9","hash":"1fe2c4a36d7825916b62d183e2443a9cc96ef685"}
,"/Users/normanqian/fractalcamp/phaser/src/geom/rectangle/GetPoints.js": {"path":"/Users/normanqian/fractalcamp/phaser/src/geom/rectangle/GetPoints.js","statementMap":{"0":{"start":{"line":7,"column":15},"end":{"line":7,"column":36}},"1":{"start":{"line":8,"column":16},"end":{"line":8,"column":38}},"2":{"start":{"line":25,"column":16},"end":{"line":43,"column":1}},"3":{"start":{"line":27,"column":4},"end":{"line":27,"column":40}},"4":{"start":{"line":27,"column":29},"end":{"line":27,"column":38}},"5":{"start":{"line":30,"column":4},"end":{"line":33,"column":5}},"6":{"start":{"line":32,"column":8},"end":{"line":32,"column":51}},"7":{"start":{"line":35,"column":4},"end":{"line":40,"column":5}},"8":{"start":{"line":35,"column":17},"end":{"line":35,"column":18}},"9":{"start":{"line":37,"column":23},"end":{"line":37,"column":35}},"10":{"start":{"line":39,"column":8},"end":{"line":39,"column":48}},"11":{"start":{"line":42,"column":4},"end":{"line":42,"column":15}},"12":{"start":{"line":45,"column":0},"end":{"line":45,"column":27}}},"fnMap":{"0":{"name":"(anonymous_0)","decl":{"start":{"line":25,"column":16},"end":{"line":25,"column":17}},"loc":{"start":{"line":26,"column":0},"end":{"line":43,"column":1}},"line":26}},"branchMap":{"0":{"loc":{"start":{"line":27,"column":4},"end":{"line":27,"column":40}},"type":"if","locations":[{"start":{"line":27,"column":4},"end":{"line":27,"column":40}},{"start":{},"end":{}}],"line":27},"1":{"loc":{"start":{"line":30,"column":4},"end":{"line":33,"column":5}},"type":"if","locations":[{"start":{"line":30,"column":4},"end":{"line":33,"column":5}},{"start":{},"end":{}}],"line":30},"2":{"loc":{"start":{"line":30,"column":8},"end":{"line":30,"column":33}},"type":"binary-expr","locations":[{"start":{"line":30,"column":8},"end":{"line":30,"column":17}},{"start":{"line":30,"column":21},"end":{"line":30,"column":33}}],"line":30}},"s":{"0":1,"1":1,"2":1,"3":0,"4":0,"5":0,"6":0,"7":0,"8":0,"9":0,"10":0,"11":0,"12":1},"f":{"0":0},"b":{"0":[0,0],"1":[0,0],"2":[0,0]},"_coverageSchema":"1a1c01bbd47fc00a2c39e90264f33305004495a9","hash":"9887c83d4bf75f9e2c1ba79d51db4217f4455fb7"}
,"/Users/normanqian/fractalcamp/phaser/src/geom/rectangle/Perimeter.js": {"path":"/Users/normanqian/fractalcamp/phaser/src/geom/rectangle/Perimeter.js","statementMap":{"0":{"start":{"line":17,"column":16},"end":{"line":20,"column":1}},"1":{"start":{"line":19,"column":4},"end":{"line":19,"column":42}},"2":{"start":{"line":22,"column":0},"end":{"line":22,"column":27}}},"fnMap":{"0":{"name":"(anonymous_0)","decl":{"start":{"line":17,"column":16},"end":{"line":17,"column":17}},"loc":{"start":{"line":18,"column":0},"end":{"line":20,"column":1}},"line":18}},"branchMap":{},"s":{"0":1,"1":0,"2":1},"f":{"0":0},"b":{},"_coverageSchema":"1a1c01bbd47fc00a2c39e90264f33305004495a9","hash":"dcdbd85f83b879860ad5da77c78816dee62a62a1"}
,"/Users/normanqian/fractalcamp/phaser/src/geom/rectangle/Random.js": {"path":"/Users/normanqian/fractalcamp/phaser/src/geom/rectangle/Random.js","statementMap":{"0":{"start":{"line":7,"column":12},"end":{"line":7,"column":37}},"1":{"start":{"line":22,"column":13},"end":{"line":30,"column":1}},"2":{"start":{"line":24,"column":4},"end":{"line":24,"column":49}},"3":{"start":{"line":24,"column":29},"end":{"line":24,"column":47}},"4":{"start":{"line":26,"column":4},"end":{"line":26,"column":50}},"5":{"start":{"line":27,"column":4},"end":{"line":27,"column":51}},"6":{"start":{"line":29,"column":4},"end":{"line":29,"column":15}},"7":{"start":{"line":32,"column":0},"end":{"line":32,"column":24}}},"fnMap":{"0":{"name":"(anonymous_0)","decl":{"start":{"line":22,"column":13},"end":{"line":22,"column":14}},"loc":{"start":{"line":23,"column":0},"end":{"line":30,"column":1}},"line":23}},"branchMap":{"0":{"loc":{"start":{"line":24,"column":4},"end":{"line":24,"column":49}},"type":"if","locations":[{"start":{"line":24,"column":4},"end":{"line":24,"column":49}},{"start":{},"end":{}}],"line":24}},"s":{"0":1,"1":1,"2":2,"3":1,"4":2,"5":2,"6":2,"7":1},"f":{"0":2},"b":{"0":[1,1]},"_coverageSchema":"1a1c01bbd47fc00a2c39e90264f33305004495a9","hash":"7935aceefeebb72a8cd141eaaf8ed884f5ac690d"}
,"/Users/normanqian/fractalcamp/phaser/src/geom/rectangle/Rectangle.js": {"path":"/Users/normanqian/fractalcamp/phaser/src/geom/rectangle/Rectangle.js","statementMap":{"0":{"start":{"line":7,"column":12},"end":{"line":7,"column":40}},"1":{"start":{"line":8,"column":15},"end":{"line":8,"column":36}},"2":{"start":{"line":9,"column":15},"end":{"line":9,"column":36}},"3":{"start":{"line":10,"column":16},"end":{"line":10,"column":38}},"4":{"start":{"line":11,"column":17},"end":{"line":11,"column":36}},"5":{"start":{"line":12,"column":11},"end":{"line":12,"column":34}},"6":{"start":{"line":13,"column":13},"end":{"line":13,"column":32}},"7":{"start":{"line":29,"column":16},"end":{"line":503,"column":2}},"8":{"start":{"line":35,"column":8},"end":{"line":35,"column":39}},"9":{"start":{"line":35,"column":31},"end":{"line":35,"column":37}},"10":{"start":{"line":36,"column":8},"end":{"line":36,"column":39}},"11":{"start":{"line":36,"column":31},"end":{"line":36,"column":37}},"12":{"start":{"line":37,"column":8},"end":{"line":37,"column":47}},"13":{"start":{"line":37,"column":35},"end":{"line":37,"column":45}},"14":{"start":{"line":38,"column":8},"end":{"line":38,"column":49}},"15":{"start":{"line":38,"column":36},"end":{"line":38,"column":47}},"16":{"start":{"line":49,"column":8},"end":{"line":49,"column":41}},"17":{"start":{"line":59,"column":8},"end":{"line":59,"column":19}},"18":{"start":{"line":69,"column":8},"end":{"line":69,"column":19}},"19":{"start":{"line":79,"column":8},"end":{"line":79,"column":27}},"20":{"start":{"line":89,"column":8},"end":{"line":89,"column":29}},"21":{"start":{"line":105,"column":8},"end":{"line":105,"column":36}},"22":{"start":{"line":127,"column":8},"end":{"line":127,"column":48}},"23":{"start":{"line":146,"column":8},"end":{"line":146,"column":59}},"24":{"start":{"line":163,"column":8},"end":{"line":163,"column":35}},"25":{"start":{"line":181,"column":8},"end":{"line":181,"column":19}},"26":{"start":{"line":182,"column":8},"end":{"line":182,"column":19}},"27":{"start":{"line":183,"column":8},"end":{"line":183,"column":27}},"28":{"start":{"line":184,"column":8},"end":{"line":184,"column":29}},"29":{"start":{"line":186,"column":8},"end":{"line":186,"column":20}},"30":{"start":{"line":199,"column":8},"end":{"line":199,"column":38}},"31":{"start":{"line":215,"column":8},"end":{"line":215,"column":39}},"32":{"start":{"line":215,"column":31},"end":{"line":215,"column":37}},"33":{"start":{"line":217,"column":8},"end":{"line":217,"column":19}},"34":{"start":{"line":218,"column":8},"end":{"line":218,"column":19}},"35":{"start":{"line":220,"column":8},"end":{"line":220,"column":20}},"36":{"start":{"line":236,"column":8},"end":{"line":236,"column":53}},"37":{"start":{"line":236,"column":36},"end":{"line":236,"column":51}},"38":{"start":{"line":238,"column":8},"end":{"line":238,"column":27}},"39":{"start":{"line":239,"column":8},"end":{"line":239,"column":29}},"40":{"start":{"line":241,"column":8},"end":{"line":241,"column":20}},"41":{"start":{"line":254,"column":8},"end":{"line":254,"column":53}},"42":{"start":{"line":271,"column":8},"end":{"line":271,"column":54}},"43":{"start":{"line":271,"column":34},"end":{"line":271,"column":52}},"44":{"start":{"line":273,"column":8},"end":{"line":273,"column":55}},"45":{"start":{"line":275,"column":8},"end":{"line":275,"column":20}},"46":{"start":{"line":292,"column":8},"end":{"line":292,"column":54}},"47":{"start":{"line":292,"column":34},"end":{"line":292,"column":52}},"48":{"start":{"line":294,"column":8},"end":{"line":294,"column":64}},"49":{"start":{"line":296,"column":8},"end":{"line":296,"column":20}},"50":{"start":{"line":313,"column":8},"end":{"line":313,"column":54}},"51":{"start":{"line":313,"column":34},"end":{"line":313,"column":52}},"52":{"start":{"line":315,"column":8},"end":{"line":315,"column":65}},"53":{"start":{"line":317,"column":8},"end":{"line":317,"column":20}},"54":{"start":{"line":334,"column":8},"end":{"line":334,"column":54}},"55":{"start":{"line":334,"column":34},"end":{"line":334,"column":52}},"56":{"start":{"line":336,"column":8},"end":{"line":336,"column":56}},"57":{"start":{"line":338,"column":8},"end":{"line":338,"column":20}},"58":{"start":{"line":353,"column":12},"end":{"line":353,"column":26}},"59":{"start":{"line":358,"column":12},"end":{"line":365,"column":13}},"60":{"start":{"line":360,"column":16},"end":{"line":360,"column":31}},"61":{"start":{"line":364,"column":16},"end":{"line":364,"column":48}},"62":{"start":{"line":367,"column":12},"end":{"line":367,"column":27}},"63":{"start":{"line":384,"column":12},"end":{"line":384,"column":39}},"64":{"start":{"line":389,"column":12},"end":{"line":396,"column":13}},"65":{"start":{"line":391,"column":16},"end":{"line":391,"column":31}},"66":{"start":{"line":395,"column":16},"end":{"line":395,"column":44}},"67":{"start":{"line":413,"column":12},"end":{"line":413,"column":26}},"68":{"start":{"line":418,"column":12},"end":{"line":425,"column":13}},"69":{"start":{"line":420,"column":16},"end":{"line":420,"column":32}},"70":{"start":{"line":424,"column":16},"end":{"line":424,"column":52}},"71":{"start":{"line":427,"column":12},"end":{"line":427,"column":27}},"72":{"start":{"line":444,"column":12},"end":{"line":444,"column":40}},"73":{"start":{"line":449,"column":12},"end":{"line":456,"column":13}},"74":{"start":{"line":451,"column":16},"end":{"line":451,"column":32}},"75":{"start":{"line":455,"column":16},"end":{"line":455,"column":45}},"76":{"start":{"line":472,"column":12},"end":{"line":472,"column":45}},"77":{"start":{"line":477,"column":12},"end":{"line":477,"column":46}},"78":{"start":{"line":493,"column":12},"end":{"line":493,"column":46}},"79":{"start":{"line":498,"column":12},"end":{"line":498,"column":47}},"80":{"start":{"line":505,"column":0},"end":{"line":505,"column":27}}},"fnMap":{"0":{"name":"Rectangle","decl":{"start":{"line":33,"column":13},"end":{"line":33,"column":22}},"loc":{"start":{"line":34,"column":4},"end":{"line":90,"column":5}},"line":34},"1":{"name":"(anonymous_1)","decl":{"start":{"line":103,"column":14},"end":{"line":103,"column":15}},"loc":{"start":{"line":104,"column":4},"end":{"line":106,"column":5}},"line":104},"2":{"name":"(anonymous_2)","decl":{"start":{"line":125,"column":14},"end":{"line":125,"column":15}},"loc":{"start":{"line":126,"column":4},"end":{"line":128,"column":5}},"line":126},"3":{"name":"(anonymous_3)","decl":{"start":{"line":144,"column":15},"end":{"line":144,"column":16}},"loc":{"start":{"line":145,"column":4},"end":{"line":147,"column":5}},"line":145},"4":{"name":"(anonymous_4)","decl":{"start":{"line":161,"column":20},"end":{"line":161,"column":21}},"loc":{"start":{"line":162,"column":4},"end":{"line":164,"column":5}},"line":162},"5":{"name":"(anonymous_5)","decl":{"start":{"line":179,"column":11},"end":{"line":179,"column":12}},"loc":{"start":{"line":180,"column":4},"end":{"line":187,"column":5}},"line":180},"6":{"name":"(anonymous_6)","decl":{"start":{"line":197,"column":14},"end":{"line":197,"column":15}},"loc":{"start":{"line":198,"column":4},"end":{"line":200,"column":5}},"line":198},"7":{"name":"(anonymous_7)","decl":{"start":{"line":213,"column":17},"end":{"line":213,"column":18}},"loc":{"start":{"line":214,"column":4},"end":{"line":221,"column":5}},"line":214},"8":{"name":"(anonymous_8)","decl":{"start":{"line":234,"column":13},"end":{"line":234,"column":14}},"loc":{"start":{"line":235,"column":4},"end":{"line":242,"column":5}},"line":235},"9":{"name":"(anonymous_9)","decl":{"start":{"line":252,"column":13},"end":{"line":252,"column":14}},"loc":{"start":{"line":253,"column":4},"end":{"line":255,"column":5}},"line":253},"10":{"name":"(anonymous_10)","decl":{"start":{"line":269,"column":14},"end":{"line":269,"column":15}},"loc":{"start":{"line":270,"column":4},"end":{"line":276,"column":5}},"line":270},"11":{"name":"(anonymous_11)","decl":{"start":{"line":290,"column":14},"end":{"line":290,"column":15}},"loc":{"start":{"line":291,"column":4},"end":{"line":297,"column":5}},"line":291},"12":{"name":"(anonymous_12)","decl":{"start":{"line":311,"column":14},"end":{"line":311,"column":15}},"loc":{"start":{"line":312,"column":4},"end":{"line":318,"column":5}},"line":312},"13":{"name":"(anonymous_13)","decl":{"start":{"line":332,"column":14},"end":{"line":332,"column":15}},"loc":{"start":{"line":333,"column":4},"end":{"line":339,"column":5}},"line":333},"14":{"name":"(anonymous_14)","decl":{"start":{"line":351,"column":13},"end":{"line":351,"column":14}},"loc":{"start":{"line":352,"column":8},"end":{"line":354,"column":9}},"line":352},"15":{"name":"(anonymous_15)","decl":{"start":{"line":356,"column":13},"end":{"line":356,"column":14}},"loc":{"start":{"line":357,"column":8},"end":{"line":368,"column":9}},"line":357},"16":{"name":"(anonymous_16)","decl":{"start":{"line":382,"column":13},"end":{"line":382,"column":14}},"loc":{"start":{"line":383,"column":8},"end":{"line":385,"column":9}},"line":383},"17":{"name":"(anonymous_17)","decl":{"start":{"line":387,"column":13},"end":{"line":387,"column":14}},"loc":{"start":{"line":388,"column":8},"end":{"line":397,"column":9}},"line":388},"18":{"name":"(anonymous_18)","decl":{"start":{"line":411,"column":13},"end":{"line":411,"column":14}},"loc":{"start":{"line":412,"column":8},"end":{"line":414,"column":9}},"line":412},"19":{"name":"(anonymous_19)","decl":{"start":{"line":416,"column":13},"end":{"line":416,"column":14}},"loc":{"start":{"line":417,"column":8},"end":{"line":428,"column":9}},"line":417},"20":{"name":"(anonymous_20)","decl":{"start":{"line":442,"column":13},"end":{"line":442,"column":14}},"loc":{"start":{"line":443,"column":8},"end":{"line":445,"column":9}},"line":443},"21":{"name":"(anonymous_21)","decl":{"start":{"line":447,"column":13},"end":{"line":447,"column":14}},"loc":{"start":{"line":448,"column":8},"end":{"line":457,"column":9}},"line":448},"22":{"name":"(anonymous_22)","decl":{"start":{"line":470,"column":13},"end":{"line":470,"column":14}},"loc":{"start":{"line":471,"column":8},"end":{"line":473,"column":9}},"line":471},"23":{"name":"(anonymous_23)","decl":{"start":{"line":475,"column":13},"end":{"line":475,"column":14}},"loc":{"start":{"line":476,"column":8},"end":{"line":478,"column":9}},"line":476},"24":{"name":"(anonymous_24)","decl":{"start":{"line":491,"column":13},"end":{"line":491,"column":14}},"loc":{"start":{"line":492,"column":8},"end":{"line":494,"column":9}},"line":492},"25":{"name":"(anonymous_25)","decl":{"start":{"line":496,"column":13},"end":{"line":496,"column":14}},"loc":{"start":{"line":497,"column":8},"end":{"line":499,"column":9}},"line":497}},"branchMap":{"0":{"loc":{"start":{"line":35,"column":8},"end":{"line":35,"column":39}},"type":"if","locations":[{"start":{"line":35,"column":8},"end":{"line":35,"column":39}},{"start":{},"end":{}}],"line":35},"1":{"loc":{"start":{"line":36,"column":8},"end":{"line":36,"column":39}},"type":"if","locations":[{"start":{"line":36,"column":8},"end":{"line":36,"column":39}},{"start":{},"end":{}}],"line":36},"2":{"loc":{"start":{"line":37,"column":8},"end":{"line":37,"column":47}},"type":"if","locations":[{"start":{"line":37,"column":8},"end":{"line":37,"column":47}},{"start":{},"end":{}}],"line":37},"3":{"loc":{"start":{"line":38,"column":8},"end":{"line":38,"column":49}},"type":"if","locations":[{"start":{"line":38,"column":8},"end":{"line":38,"column":49}},{"start":{},"end":{}}],"line":38},"4":{"loc":{"start":{"line":215,"column":8},"end":{"line":215,"column":39}},"type":"if","locations":[{"start":{"line":215,"column":8},"end":{"line":215,"column":39}},{"start":{},"end":{}}],"line":215},"5":{"loc":{"start":{"line":236,"column":8},"end":{"line":236,"column":53}},"type":"if","locations":[{"start":{"line":236,"column":8},"end":{"line":236,"column":53}},{"start":{},"end":{}}],"line":236},"6":{"loc":{"start":{"line":254,"column":16},"end":{"line":254,"column":51}},"type":"binary-expr","locations":[{"start":{"line":254,"column":16},"end":{"line":254,"column":31}},{"start":{"line":254,"column":35},"end":{"line":254,"column":51}}],"line":254},"7":{"loc":{"start":{"line":271,"column":8},"end":{"line":271,"column":54}},"type":"if","locations":[{"start":{"line":271,"column":8},"end":{"line":271,"column":54}},{"start":{},"end":{}}],"line":271},"8":{"loc":{"start":{"line":292,"column":8},"end":{"line":292,"column":54}},"type":"if","locations":[{"start":{"line":292,"column":8},"end":{"line":292,"column":54}},{"start":{},"end":{}}],"line":292},"9":{"loc":{"start":{"line":313,"column":8},"end":{"line":313,"column":54}},"type":"if","locations":[{"start":{"line":313,"column":8},"end":{"line":313,"column":54}},{"start":{},"end":{}}],"line":313},"10":{"loc":{"start":{"line":334,"column":8},"end":{"line":334,"column":54}},"type":"if","locations":[{"start":{"line":334,"column":8},"end":{"line":334,"column":54}},{"start":{},"end":{}}],"line":334},"11":{"loc":{"start":{"line":358,"column":12},"end":{"line":365,"column":13}},"type":"if","locations":[{"start":{"line":358,"column":12},"end":{"line":365,"column":13}},{"start":{"line":363,"column":12},"end":{"line":365,"column":13}}],"line":358},"12":{"loc":{"start":{"line":389,"column":12},"end":{"line":396,"column":13}},"type":"if","locations":[{"start":{"line":389,"column":12},"end":{"line":396,"column":13}},{"start":{"line":394,"column":12},"end":{"line":396,"column":13}}],"line":389},"13":{"loc":{"start":{"line":418,"column":12},"end":{"line":425,"column":13}},"type":"if","locations":[{"start":{"line":418,"column":12},"end":{"line":425,"column":13}},{"start":{"line":423,"column":12},"end":{"line":425,"column":13}}],"line":418},"14":{"loc":{"start":{"line":449,"column":12},"end":{"line":456,"column":13}},"type":"if","locations":[{"start":{"line":449,"column":12},"end":{"line":456,"column":13}},{"start":{"line":454,"column":12},"end":{"line":456,"column":13}}],"line":449}},"s":{"0":1,"1":1,"2":1,"3":1,"4":1,"5":1,"6":1,"7":1,"8":19,"9":2,"10":19,"11":2,"12":19,"13":2,"14":19,"15":2,"16":19,"17":19,"18":19,"19":19,"20":19,"21":9,"22":0,"23":0,"24":2,"25":2,"26":2,"27":2,"28":2,"29":2,"30":1,"31":2,"32":1,"33":2,"34":2,"35":2,"36":2,"37":1,"38":2,"39":2,"40":2,"41":7,"42":0,"43":0,"44":0,"45":0,"46":0,"47":0,"48":0,"49":0,"50":0,"51":0,"52":0,"53":0,"54":0,"55":0,"56":0,"57":0,"58":0,"59":0,"60":0,"61":0,"62":0,"63":0,"64":0,"65":0,"66":0,"67":0,"68":0,"69":0,"70":0,"71":0,"72":0,"73":0,"74":0,"75":0,"76":0,"77":0,"78":0,"79":0,"80":1},"f":{"0":19,"1":9,"2":0,"3":0,"4":2,"5":2,"6":1,"7":2,"8":2,"9":7,"10":0,"11":0,"12":0,"13":0,"14":0,"15":0,"16":0,"17":0,"18":0,"19":0,"20":0,"21":0,"22":0,"23":0,"24":0,"25":0},"b":{"0":[2,17],"1":[2,17],"2":[2,17],"3":[2,17],"4":[1,1],"5":[1,1],"6":[7,4],"7":[0,0],"8":[0,0],"9":[0,0],"10":[0,0],"11":[0,0],"12":[0,0],"13":[0,0],"14":[0,0]},"_coverageSchema":"1a1c01bbd47fc00a2c39e90264f33305004495a9","hash":"38bc2f2c99793f232a6c0c18986eb5b98bc0d0a8"}
,"/Users/normanqian/fractalcamp/phaser/src/math/Vector2.js": {"path":"/Users/normanqian/fractalcamp/phaser/src/math/Vector2.js","statementMap":{"0":{"start":{"line":10,"column":12},"end":{"line":10,"column":37}},"1":{"start":{"line":11,"column":17},"end":{"line":11,"column":47}},"2":{"start":{"line":27,"column":14},"end":{"line":713,"column":2}},"3":{"start":{"line":41,"column":8},"end":{"line":41,"column":19}},"4":{"start":{"line":51,"column":8},"end":{"line":51,"column":19}},"5":{"start":{"line":53,"column":8},"end":{"line":64,"column":9}},"6":{"start":{"line":55,"column":12},"end":{"line":55,"column":30}},"7":{"start":{"line":56,"column":12},"end":{"line":56,"column":30}},"8":{"start":{"line":60,"column":12},"end":{"line":60,"column":43}},"9":{"start":{"line":60,"column":35},"end":{"line":60,"column":41}},"10":{"start":{"line":62,"column":12},"end":{"line":62,"column":28}},"11":{"start":{"line":63,"column":12},"end":{"line":63,"column":28}},"12":{"start":{"line":77,"column":8},"end":{"line":77,"column":43}},"13":{"start":{"line":92,"column":8},"end":{"line":92,"column":28}},"14":{"start":{"line":93,"column":8},"end":{"line":93,"column":28}},"15":{"start":{"line":95,"column":8},"end":{"line":95,"column":20}},"16":{"start":{"line":110,"column":8},"end":{"line":110,"column":28}},"17":{"start":{"line":111,"column":8},"end":{"line":111,"column":28}},"18":{"start":{"line":113,"column":8},"end":{"line":113,"column":20}},"19":{"start":{"line":129,"column":8},"end":{"line":129,"column":39}},"20":{"start":{"line":129,"column":31},"end":{"line":129,"column":37}},"21":{"start":{"line":131,"column":8},"end":{"line":131,"column":19}},"22":{"start":{"line":132,"column":8},"end":{"line":132,"column":19}},"23":{"start":{"line":134,"column":8},"end":{"line":134,"column":20}},"24":{"start":{"line":150,"column":8},"end":{"line":150,"column":30}},"25":{"start":{"line":166,"column":8},"end":{"line":166,"column":43}},"26":{"start":{"line":166,"column":30},"end":{"line":166,"column":41}},"27":{"start":{"line":168,"column":8},"end":{"line":168,"column":44}},"28":{"start":{"line":169,"column":8},"end":{"line":169,"column":44}},"29":{"start":{"line":171,"column":8},"end":{"line":171,"column":20}},"30":{"start":{"line":188,"column":8},"end":{"line":188,"column":54}},"31":{"start":{"line":204,"column":8},"end":{"line":204,"column":86}},"32":{"start":{"line":219,"column":20},"end":{"line":219,"column":46}},"33":{"start":{"line":221,"column":8},"end":{"line":224,"column":9}},"34":{"start":{"line":223,"column":12},"end":{"line":223,"column":33}},"35":{"start":{"line":226,"column":8},"end":{"line":226,"column":21}},"36":{"start":{"line":241,"column":8},"end":{"line":241,"column":53}},"37":{"start":{"line":256,"column":8},"end":{"line":256,"column":24}},"38":{"start":{"line":257,"column":8},"end":{"line":257,"column":24}},"39":{"start":{"line":259,"column":8},"end":{"line":259,"column":20}},"40":{"start":{"line":274,"column":8},"end":{"line":274,"column":24}},"41":{"start":{"line":275,"column":8},"end":{"line":275,"column":24}},"42":{"start":{"line":277,"column":8},"end":{"line":277,"column":20}},"43":{"start":{"line":294,"column":8},"end":{"line":294,"column":24}},"44":{"start":{"line":295,"column":8},"end":{"line":295,"column":24}},"45":{"start":{"line":297,"column":8},"end":{"line":297,"column":20}},"46":{"start":{"line":312,"column":8},"end":{"line":321,"column":9}},"47":{"start":{"line":314,"column":12},"end":{"line":314,"column":28}},"48":{"start":{"line":315,"column":12},"end":{"line":315,"column":28}},"49":{"start":{"line":319,"column":12},"end":{"line":319,"column":23}},"50":{"start":{"line":320,"column":12},"end":{"line":320,"column":23}},"51":{"start":{"line":323,"column":8},"end":{"line":323,"column":20}},"52":{"start":{"line":340,"column":8},"end":{"line":340,"column":24}},"53":{"start":{"line":341,"column":8},"end":{"line":341,"column":24}},"54":{"start":{"line":343,"column":8},"end":{"line":343,"column":20}},"55":{"start":{"line":356,"column":8},"end":{"line":356,"column":25}},"56":{"start":{"line":357,"column":8},"end":{"line":357,"column":25}},"57":{"start":{"line":359,"column":8},"end":{"line":359,"column":20}},"58":{"start":{"line":374,"column":17},"end":{"line":374,"column":31}},"59":{"start":{"line":375,"column":17},"end":{"line":375,"column":31}},"60":{"start":{"line":377,"column":8},"end":{"line":377,"column":44}},"61":{"start":{"line":392,"column":17},"end":{"line":392,"column":31}},"62":{"start":{"line":393,"column":17},"end":{"line":393,"column":31}},"63":{"start":{"line":395,"column":8},"end":{"line":395,"column":33}},"64":{"start":{"line":408,"column":16},"end":{"line":408,"column":22}},"65":{"start":{"line":409,"column":16},"end":{"line":409,"column":22}},"66":{"start":{"line":411,"column":8},"end":{"line":411,"column":40}},"67":{"start":{"line":426,"column":8},"end":{"line":426,"column":46}},"68":{"start":{"line":439,"column":16},"end":{"line":439,"column":22}},"69":{"start":{"line":440,"column":16},"end":{"line":440,"column":22}},"70":{"start":{"line":442,"column":8},"end":{"line":442,"column":29}},"71":{"start":{"line":457,"column":16},"end":{"line":457,"column":22}},"72":{"start":{"line":458,"column":16},"end":{"line":458,"column":22}},"73":{"start":{"line":459,"column":18},"end":{"line":459,"column":31}},"74":{"start":{"line":461,"column":8},"end":{"line":467,"column":9}},"75":{"start":{"line":463,"column":12},"end":{"line":463,"column":37}},"76":{"start":{"line":465,"column":12},"end":{"line":465,"column":29}},"77":{"start":{"line":466,"column":12},"end":{"line":466,"column":29}},"78":{"start":{"line":469,"column":8},"end":{"line":469,"column":20}},"79":{"start":{"line":482,"column":16},"end":{"line":482,"column":22}},"80":{"start":{"line":484,"column":8},"end":{"line":484,"column":29}},"81":{"start":{"line":485,"column":8},"end":{"line":485,"column":19}},"82":{"start":{"line":487,"column":8},"end":{"line":487,"column":20}},"83":{"start":{"line":500,"column":16},"end":{"line":500,"column":22}},"84":{"start":{"line":502,"column":8},"end":{"line":502,"column":24}},"85":{"start":{"line":503,"column":8},"end":{"line":503,"column":24}},"86":{"start":{"line":505,"column":8},"end":{"line":505,"column":20}},"87":{"start":{"line":520,"column":8},"end":{"line":520,"column":47}},"88":{"start":{"line":535,"column":8},"end":{"line":535,"column":47}},"89":{"start":{"line":553,"column":8},"end":{"line":553,"column":39}},"90":{"start":{"line":553,"column":31},"end":{"line":553,"column":37}},"91":{"start":{"line":555,"column":17},"end":{"line":555,"column":23}},"92":{"start":{"line":556,"column":17},"end":{"line":556,"column":23}},"93":{"start":{"line":558,"column":8},"end":{"line":558,"column":39}},"94":{"start":{"line":559,"column":8},"end":{"line":559,"column":39}},"95":{"start":{"line":561,"column":8},"end":{"line":561,"column":20}},"96":{"start":{"line":576,"column":16},"end":{"line":576,"column":22}},"97":{"start":{"line":577,"column":16},"end":{"line":577,"column":22}},"98":{"start":{"line":578,"column":16},"end":{"line":578,"column":23}},"99":{"start":{"line":580,"column":8},"end":{"line":580,"column":44}},"100":{"start":{"line":581,"column":8},"end":{"line":581,"column":44}},"101":{"start":{"line":583,"column":8},"end":{"line":583,"column":20}},"102":{"start":{"line":598,"column":16},"end":{"line":598,"column":22}},"103":{"start":{"line":599,"column":16},"end":{"line":599,"column":22}},"104":{"start":{"line":600,"column":16},"end":{"line":600,"column":23}},"105":{"start":{"line":602,"column":8},"end":{"line":602,"column":45}},"106":{"start":{"line":603,"column":8},"end":{"line":603,"column":45}},"107":{"start":{"line":605,"column":8},"end":{"line":605,"column":20}},"108":{"start":{"line":618,"column":8},"end":{"line":618,"column":19}},"109":{"start":{"line":619,"column":8},"end":{"line":619,"column":19}},"110":{"start":{"line":621,"column":8},"end":{"line":621,"column":20}},"111":{"start":{"line":636,"column":18},"end":{"line":636,"column":31}},"112":{"start":{"line":638,"column":8},"end":{"line":641,"column":9}},"113":{"start":{"line":640,"column":12},"end":{"line":640,"column":34}},"114":{"start":{"line":643,"column":8},"end":{"line":643,"column":20}},"115":{"start":{"line":658,"column":8},"end":{"line":658,"column":44}},"116":{"start":{"line":660,"column":8},"end":{"line":660,"column":65}},"117":{"start":{"line":675,"column":8},"end":{"line":675,"column":43}},"118":{"start":{"line":690,"column":18},"end":{"line":690,"column":33}},"119":{"start":{"line":691,"column":18},"end":{"line":691,"column":33}},"120":{"start":{"line":693,"column":8},"end":{"line":693,"column":82}},"121":{"start":{"line":708,"column":21},"end":{"line":708,"column":49}},"122":{"start":{"line":710,"column":8},"end":{"line":710,"column":44}},"123":{"start":{"line":725,"column":0},"end":{"line":725,"column":29}},"124":{"start":{"line":737,"column":0},"end":{"line":737,"column":34}},"125":{"start":{"line":749,"column":0},"end":{"line":749,"column":34}},"126":{"start":{"line":761,"column":0},"end":{"line":761,"column":32}},"127":{"start":{"line":773,"column":0},"end":{"line":773,"column":33}},"128":{"start":{"line":785,"column":0},"end":{"line":785,"column":32}},"129":{"start":{"line":787,"column":0},"end":{"line":787,"column":25}}},"fnMap":{"0":{"name":"Vector2","decl":{"start":{"line":31,"column":13},"end":{"line":31,"column":20}},"loc":{"start":{"line":32,"column":4},"end":{"line":65,"column":5}},"line":32},"1":{"name":"(anonymous_1)","decl":{"start":{"line":75,"column":11},"end":{"line":75,"column":12}},"loc":{"start":{"line":76,"column":4},"end":{"line":78,"column":5}},"line":76},"2":{"name":"(anonymous_2)","decl":{"start":{"line":90,"column":10},"end":{"line":90,"column":11}},"loc":{"start":{"line":91,"column":4},"end":{"line":96,"column":5}},"line":91},"3":{"name":"(anonymous_3)","decl":{"start":{"line":108,"column":19},"end":{"line":108,"column":20}},"loc":{"start":{"line":109,"column":4},"end":{"line":114,"column":5}},"line":109},"4":{"name":"(anonymous_4)","decl":{"start":{"line":127,"column":9},"end":{"line":127,"column":10}},"loc":{"start":{"line":128,"column":4},"end":{"line":135,"column":5}},"line":128},"5":{"name":"(anonymous_5)","decl":{"start":{"line":148,"column":11},"end":{"line":148,"column":12}},"loc":{"start":{"line":149,"column":4},"end":{"line":151,"column":5}},"line":149},"6"
[...]
s/normanqian/fractalcamp/phaser/src/utils/Class.js": {"path":"/Users/normanqian/fractalcamp/phaser/src/utils/Class.js","statementMap":{"0":{"start":{"line":11,"column":4},"end":{"line":11,"column":104}},"1":{"start":{"line":19,"column":14},"end":{"line":19,"column":98}},"2":{"start":{"line":21,"column":4},"end":{"line":24,"column":5}},"3":{"start":{"line":23,"column":8},"end":{"line":23,"column":24}},"4":{"start":{"line":27,"column":4},"end":{"line":44,"column":5}},"5":{"start":{"line":29,"column":8},"end":{"line":32,"column":9}},"6":{"start":{"line":31,"column":12},"end":{"line":31,"column":34}},"7":{"start":{"line":34,"column":8},"end":{"line":37,"column":9}},"8":{"start":{"line":36,"column":12},"end":{"line":36,"column":36}},"9":{"start":{"line":39,"column":8},"end":{"line":39,"column":19}},"10":{"start":{"line":43,"column":8},"end":{"line":43,"column":21}},"11":{"start":{"line":49,"column":15},"end":{"line":49,"column":54}},"12":{"start":{"line":51,"column":4},"end":{"line":54,"column":5}},"13":{"start":{"line":53,"column":8},"end":{"line":53,"column":21}},"14":{"start":{"line":56,"column":4},"end":{"line":59,"column":5}},"15":{"start":{"line":58,"column":8},"end":{"line":58,"column":26}},"16":{"start":{"line":61,"column":4},"end":{"line":64,"column":5}},"17":{"start":{"line":63,"column":8},"end":{"line":63,"column":20}},"18":{"start":{"line":66,"column":4},"end":{"line":66,"column":17}},"19":{"start":{"line":81,"column":4},"end":{"line":118,"column":5}},"20":{"start":{"line":83,"column":8},"end":{"line":86,"column":9}},"21":{"start":{"line":85,"column":12},"end":{"line":85,"column":21}},"22":{"start":{"line":88,"column":18},"end":{"line":88,"column":63}},"23":{"start":{"line":90,"column":8},"end":{"line":117,"column":9}},"24":{"start":{"line":94,"column":25},"end":{"line":94,"column":39}},"25":{"start":{"line":96,"column":12},"end":{"line":110,"column":13}},"26":{"start":{"line":99,"column":16},"end":{"line":102,"column":17}},"27":{"start":{"line":101,"column":20},"end":{"line":101,"column":29}},"28":{"start":{"line":109,"column":16},"end":{"line":109,"column":119}},"29":{"start":{"line":112,"column":12},"end":{"line":112,"column":58}},"30":{"start":{"line":116,"column":12},"end":{"line":116,"column":46}},"31":{"start":{"line":131,"column":4},"end":{"line":134,"column":5}},"32":{"start":{"line":133,"column":8},"end":{"line":133,"column":15}},"33":{"start":{"line":136,"column":4},"end":{"line":139,"column":5}},"34":{"start":{"line":138,"column":8},"end":{"line":138,"column":28}},"35":{"start":{"line":141,"column":4},"end":{"line":144,"column":5}},"36":{"start":{"line":141,"column":17},"end":{"line":141,"column":18}},"37":{"start":{"line":143,"column":8},"end":{"line":143,"column":58}},"38":{"start":{"line":175,"column":4},"end":{"line":178,"column":5}},"39":{"start":{"line":177,"column":8},"end":{"line":177,"column":24}},"40":{"start":{"line":184,"column":4},"end":{"line":210,"column":5}},"41":{"start":{"line":186,"column":8},"end":{"line":189,"column":9}},"42":{"start":{"line":188,"column":12},"end":{"line":188,"column":61}},"43":{"start":{"line":191,"column":8},"end":{"line":191,"column":43}},"44":{"start":{"line":196,"column":8},"end":{"line":196,"column":37}},"45":{"start":{"line":198,"column":9},"end":{"line":210,"column":5}},"46":{"start":{"line":200,"column":19},"end":{"line":200,"column":37}},"47":{"start":{"line":202,"column":8},"end":{"line":205,"column":10}},"48":{"start":{"line":204,"column":12},"end":{"line":204,"column":40}},"49":{"start":{"line":209,"column":8},"end":{"line":209,"column":36}},"50":{"start":{"line":212,"column":4},"end":{"line":226,"column":5}},"51":{"start":{"line":214,"column":8},"end":{"line":214,"column":75}},"52":{"start":{"line":215,"column":8},"end":{"line":215,"column":54}},"53":{"start":{"line":219,"column":8},"end":{"line":219,"column":37}},"54":{"start":{"line":221,"column":8},"end":{"line":221,"column":34}},"55":{"start":{"line":225,"column":8},"end":{"line":225,"column":54}},"56":{"start":{"line":229,"column":17},"end":{"line":229,"column":21}},"57":{"start":{"line":231,"column":4},"end":{"line":235,"column":5}},"58":{"start":{"line":233,"column":8},"end":{"line":233,"column":35}},"59":{"start":{"line":234,"column":8},"end":{"line":234,"column":33}},"60":{"start":{"line":238,"column":4},"end":{"line":238,"column":30}},"61":{"start":{"line":241,"column":4},"end":{"line":241,"column":50}},"62":{"start":{"line":243,"column":4},"end":{"line":243,"column":22}},"63":{"start":{"line":246,"column":0},"end":{"line":246,"column":22}},"64":{"start":{"line":247,"column":0},"end":{"line":247,"column":20}},"65":{"start":{"line":248,"column":0},"end":{"line":248,"column":27}},"66":{"start":{"line":250,"column":0},"end":{"line":250,"column":23}}},"fnMap":{"0":{"name":"hasGetterOrSetter","decl":{"start":{"line":9,"column":9},"end":{"line":9,"column":26}},"loc":{"start":{"line":10,"column":0},"end":{"line":12,"column":1}},"line":10},"1":{"name":"getProperty","decl":{"start":{"line":14,"column":9},"end":{"line":14,"column":20}},"loc":{"start":{"line":15,"column":0},"end":{"line":45,"column":1}},"line":15},"2":{"name":"hasNonConfigurable","decl":{"start":{"line":47,"column":9},"end":{"line":47,"column":27}},"loc":{"start":{"line":48,"column":0},"end":{"line":67,"column":1}},"line":48},"3":{"name":"extend","decl":{"start":{"line":79,"column":9},"end":{"line":79,"column":15}},"loc":{"start":{"line":80,"column":0},"end":{"line":119,"column":1}},"line":80},"4":{"name":"mixin","decl":{"start":{"line":129,"column":9},"end":{"line":129,"column":14}},"loc":{"start":{"line":130,"column":0},"end":{"line":145,"column":1}},"line":130},"5":{"name":"Class","decl":{"start":{"line":173,"column":9},"end":{"line":173,"column":14}},"loc":{"start":{"line":174,"column":0},"end":{"line":244,"column":1}},"line":174},"6":{"name":"(anonymous_6)","decl":{"start":{"line":202,"column":21},"end":{"line":202,"column":22}},"loc":{"start":{"line":203,"column":8},"end":{"line":205,"column":9}},"line":203},"7":{"name":"(anonymous_7)","decl":{"start":{"line":209,"column":21},"end":{"line":209,"column":22}},"loc":{"start":{"line":209,"column":33},"end":{"line":209,"column":35}},"line":209}},"branchMap":{"0":{"loc":{"start":{"line":11,"column":11},"end":{"line":11,"column":103}},"type":"binary-expr","locations":[{"start":{"line":11,"column":12},"end":{"line":11,"column":21}},{"start":{"line":11,"column":25},"end":{"line":11,"column":54}},{"start":{"line":11,"column":60},"end":{"line":11,"column":69}},{"start":{"line":11,"column":73},"end":{"line":11,"column":102}}],"line":11},"1":{"loc":{"start":{"line":19,"column":14},"end":{"line":19,"column":98}},"type":"cond-expr","locations":[{"start":{"line":19,"column":36},"end":{"line":19,"column":49}},{"start":{"line":19,"column":52},"end":{"line":19,"column":98}}],"line":19},"2":{"loc":{"start":{"line":21,"column":4},"end":{"line":24,"column":5}},"type":"if","locations":[{"start":{"line":21,"column":4},"end":{"line":24,"column":5}},{"start":{},"end":{}}],"line":21},"3":{"loc":{"start":{"line":21,"column":8},"end":{"line":21,"column":72}},"type":"binary-expr","locations":[{"start":{"line":21,"column":8},"end":{"line":21,"column":26}},{"start":{"line":21,"column":30},"end":{"line":21,"column":39}},{"start":{"line":21,"column":43},"end":{"line":21,"column":72}}],"line":21},"4":{"loc":{"start":{"line":27,"column":4},"end":{"line":44,"column":5}},"type":"if","locations":[{"start":{"line":27,"column":4},"end":{"line":44,"column":5}},{"start":{"line":42,"column":4},"end":{"line":44,"column":5}}],"line":27},"5":{"loc":{"start":{"line":27,"column":8},"end":{"line":27,"column":37}},"type":"binary-expr","locations":[{"start":{"line":27,"column":8},"end":{"line":27,"column":11}},{"start":{"line":27,"column":15},"end":{"line":27,"column":37}}],"line":27},"6":{"loc":{"start":{"line":29,"column":8},"end":{"line":32,"column":9}},"type":"if","locations":[{"start":{"line":29,"column":8},"end":{"line":32,"column":9}},{"start":{},"end":{}}],"line":29},"7":{"loc":{"start":{"line":34,"column":8},"end":{"line":37,"column":9}},"type":"if","locations":[{"start":{"line":34,"column":8},"end":{"line":37,"column":9}},{"start":{},"end":{}}],"line":34},"8":{"loc":{"start":{"line":51,"column":4},"end":{"line":54,"column":5}},"type":"if","locations":[{"start":{"line":51,"column":4},"end":{"line":54,"column":5}},{"start":{},"end":{}}],"line":51},"9":{"loc":{"start":{"line":56,"column":4},"end":{"line":59,"column":5}},"type":"if","locations":[{"start":{"line":56,"column":4},"end":{"line":59,"column":5}},{"start":{},"end":{}}],"line":56},"10":{"loc":{"start":{"line":56,"column":8},"end":{"line":56,"column":52}},"type":"binary-expr","locations":[{"start":{"line":56,"column":8},"end":{"line":56,"column":18}},{"start":{"line":56,"column":22},"end":{"line":56,"column":52}}],"line":56},"11":{"loc":{"start":{"line":61,"column":4},"end":{"line":64,"column":5}},"type":"if","locations":[{"start":{"line":61,"column":4},"end":{"line":64,"column":5}},{"start":{},"end":{}}],"line":61},"12":{"loc":{"start":{"line":83,"column":8},"end":{"line":86,"column":9}},"type":"if","locations":[{"start":{"line":83,"column":8},"end":{"line":86,"column":9}},{"start":{},"end":{}}],"line":83},"13":{"loc":{"start":{"line":90,"column":8},"end":{"line":117,"column":9}},"type":"if","locations":[{"start":{"line":90,"column":8},"end":{"line":117,"column":9}},{"start":{"line":115,"column":8},"end":{"line":117,"column":9}}],"line":90},"14":{"loc":{"start":{"line":94,"column":25},"end":{"line":94,"column":39}},"type":"binary-expr","locations":[{"start":{"line":94,"column":25},"end":{"line":94,"column":31}},{"start":{"line":94,"column":35},"end":{"line":94,"column":39}}],"line":94},"15":{"loc":{"start":{"line":96,"column":12},"end":{"line":110,"column":13}},"type":"if","locations":[{"start":{"line":96,"column":12},"end":{"line":110,"column":13}},{"start":{},"end":{}}],"line":96},"16":{"loc":{"start":{"line":99,"column":16},"end":{"line":102,"column":17}},"type":"if","locations":[{"start":{"line":99,"column":16},"end":{"line":102,"column":17}},{"start":{},"end":{}}],"line":99},"17":{"loc":{"start":{"line":131,"column":4},"end":{"line":134,"column":5}},"type":"if","locations":[{"start":{"line":131,"column":4},"end":{"line":134,"column":5}},{"start":{},"end":{}}],"line":131},"18":{"loc":{"start":{"line":136,"column":4},"end":{"line":139,"column":5}},"type":"if","locations":[{"start":{"line":136,"column":4},"end":{"line":139,"column":5}},{"start":{},"end":{}}],"line":136},"19":{"loc":{"start":{"line":143,"column":24},"end":{"line":143,"column":56}},"type":"binary-expr","locations":[{"start":{"line":143,"column":24},"end":{"line":143,"column":43}},{"start":{"line":143,"column":47},"end":{"line":143,"column":56}}],"line":143},"20":{"loc":{"start":{"line":175,"column":4},"end":{"line":178,"column":5}},"type":"if","locations":[{"start":{"line":175,"column":4},"end":{"line":178,"column":5}},{"start":{},"end":{}}],"line":175},"21":{"loc":{"start":{"line":184,"column":4},"end":{"line":210,"column":5}},"type":"if","locations":[{"start":{"line":184,"column":4},"end":{"line":210,"column":5}},{"start":{"line":198,"column":9},"end":{"line":210,"column":5}}],"line":184},"22":{"loc":{"start":{"line":186,"column":8},"end":{"line":189,"column":9}},"type":"if","locations":[{"start":{"line":186,"column":8},"end":{"line":189,"column":9}},{"start":{},"end":{}}],"line":186},"23":{"loc":{"start":{"line":198,"column":9},"end":{"line":210,"column":5}},"type":"if","locations":[{"start":{"line":198,"column":9},"end":{"line":210,"column":5}},{"start":{"line":208,"column":4},"end":{"line":210,"column":5}}],"line":198},"24":{"loc":{"start":{"line":212,"column":4},"end":{"line":226,"column":5}},"type":"if","locations":[{"start":{"line":212,"column":4},"end":{"line":226,"column":5}},{"start":{"line":224,"column":4},"end":{"line":226,"column":5}}],"line":212},"25":{"loc":{"start":{"line":231,"column":4},"end":{"line":235,"column":5}},"type":"if","locations":[{"start":{"line":231,"column":4},"end":{"line":235,"column":5}},{"start":{},"end":{}}],"line":231}},"s":{"0":142,"1":142,"2":142,"3":0,"4":142,"5":10,"6":10,"7":10,"8":10,"9":10,"10":132,"11":10,"12":10,"13":10,"14":0,"15":0,"16":0,"17":0,"18":0,"19":9,"20":142,"21":0,"22":142,"23":142,"24":10,"25":10,"26":0,"27":0,"28":0,"29":10,"30":132,"31":9,"32":9,"33":0,"34":0,"35":0,"36":0,"37":0,"38":9,"39":0,"40":9,"41":9,"42":0,"43":9,"44":9,"45":0,"46":0,"47":0,"48":0,"49":0,"50":9,"51":0,"52":0,"53":0,"54":0,"55":9,"56":9,"57":9,"58":0,"59":0,"60":9,"61":9,"62":9,"63":5,"64":5,"65":5,"66":5},"f":{"0":142,"1":142,"2":10,"3":9,"4":9,"5":9,"6":0,"7":0},"b":{"0":[142,10,132,0],"1":[142,0],"2":[0,142],"3":[142,0,0],"4":[10,132],"5":[142,142],"6":[10,0],"7":[10,0],"8":[10,0],"9":[0,0],"10":[0,0],"11":[0,0],"12":[0,142],"13":[10,132],"14":[10,10],"15":[0,10],"16":[0,0],"17":[9,0],"18":[0,0],"19":[0,0],"20":[0,9],"21":[9,0],"22":[0,9],"23":[0,0],"24":[0,9],"25":[0,9]},"_coverageSchema":"1a1c01bbd47fc00a2c39e90264f33305004495a9","hash":"7711c45abfd745a9fb136e0cfd8b86ef20170276"}
,"/Users/normanqian/fractalcamp/phaser/src/utils/NOOP.js": {"path":"/Users/normanqian/fractalcamp/phaser/src/utils/NOOP.js","statementMap":{"0":{"start":{"line":16,"column":11},"end":{"line":19,"column":1}},"1":{"start":{"line":21,"column":0},"end":{"line":21,"column":22}}},"fnMap":{"0":{"name":"(anonymous_0)","decl":{"start":{"line":16,"column":11},"end":{"line":16,"column":12}},"loc":{"start":{"line":17,"column":0},"end":{"line":19,"column":1}},"line":17}},"branchMap":{},"s":{"0":1,"1":1},"f":{"0":1},"b":{},"_coverageSchema":"1a1c01bbd47fc00a2c39e90264f33305004495a9","hash":"3daa869397b71db92d215eb3ba9694d83c41d4ea"}
,"/Users/normanqian/fractalcamp/phaser/src/utils/object/GetValue.js": {"path":"/Users/normanqian/fractalcamp/phaser/src/utils/object/GetValue.js","statementMap":{"0":{"start":{"line":43,"column":15},"end":{"line":110,"column":1}},"1":{"start":{"line":45,"column":4},"end":{"line":109,"column":5}},"2":{"start":{"line":47,"column":8},"end":{"line":47,"column":28}},"3":{"start":{"line":49,"column":9},"end":{"line":109,"column":5}},"4":{"start":{"line":51,"column":8},"end":{"line":51,"column":27}},"5":{"start":{"line":53,"column":9},"end":{"line":109,"column":5}},"6":{"start":{"line":55,"column":8},"end":{"line":55,"column":30}},"7":{"start":{"line":57,"column":9},"end":{"line":109,"column":5}},"8":{"start":{"line":59,"column":19},"end":{"line":59,"column":33}},"9":{"start":{"line":60,"column":22},"end":{"line":60,"column":28}},"10":{"start":{"line":61,"column":22},"end":{"line":61,"column":31}},"11":{"start":{"line":62,"column":21},"end":{"line":62,"column":33}},"12":{"start":{"line":63,"column":21},"end":{"line":63,"column":33}},"13":{"start":{"line":64,"column":26},"end":{"line":64,"column":30}},"14":{"start":{"line":65,"column":26},"end":{"line":65,"column":30}},"15":{"start":{"line":68,"column":8},"end":{"line":91,"column":9}},"16":{"start":{"line":68,"column":21},"end":{"line":68,"column":22}},"17":{"start":{"line":70,"column":12},"end":{"line":79,"column":13}},"18":{"start":{"line":73,"column":16},"end":{"line":73,"column":42}},"19":{"start":{"line":74,"column":16},"end":{"line":74,"column":43}},"20":{"start":{"line":78,"column":16},"end":{"line":78,"column":36}},"21":{"start":{"line":81,"column":12},"end":{"line":90,"column":13}},"22":{"start":{"line":84,"column":16},"end":{"line":84,"column":42}},"23":{"start":{"line":85,"column":16},"end":{"line":85,"column":43}},"24":{"start":{"line":89,"column":16},"end":{"line":89,"column":36}},"25":{"start":{"line":93,"column":8},"end":{"line":104,"column":9}},"26":{"start":{"line":95,"column":12},"end":{"line":95,"column":26}},"27":{"start":{"line":97,"column":13},"end":{"line":104,"column":9}},"28":{"start":{"line":99,"column":12},"end":{"line":99,"column":26}},"29":{"start":{"line":103,"column":12},"end":{"line":103,"column":32}},"30":{"start":{"line":108,"column":8},"end":{"line":108,"column":28}},"31":{"start":{"line":112,"column":0},"end":{"line":112,"column":26}}},"fnMap":{"0":{"name":"(anonymous_0)","decl":{"start":{"line":43,"column":15},"end":{"line":43,"column":16}},"loc":{"start":{"line":44,"column":0},"end":{"line":110,"column":1}},"line":44}},"branchMap":{"0":{"loc":{"start":{"line":45,"column":4},"end":{"line":109,"column":5}},"type":"if","locations":[{"start":{"line":45,"column":4},"end":{"line":109,"column":5}},{"start":{"line":49,"column":9},"end":{"line":109,"column":5}}],"line":45},"1":{"loc":{"start":{"line":45,"column":8},"end":{"line":45,"column":61}},"type":"binary-expr","locations":[{"start":{"line":45,"column":9},"end":{"line":45,"column":16}},{"start":{"line":45,"column":20},"end":{"line":45,"column":30}},{"start":{"line":45,"column":35},"end":{"line":45,"column":61}}],"line":45},"2":{"loc":{"start":{"line":49,"column":9},"end":{"line":109,"column":5}},"type":"if","locations":[{"start":{"line":49,"column":9},"end":{"line":109,"column":5}},{"start":{"line":53,"column":9},"end":{"line":109,"column":5}}],"line":49},"3":{"loc":{"start":{"line":49,"column":13},"end":{"line":49,"column":49}},"type":"binary-expr","locations":[{"start":{"line":49,"column":13},"end":{"line":49,"column":19}},{"start":{"line":49,"column":23},"end":{"line":49,"column":49}}],"line":49},"4":{"loc":{"start":{"line":53,"column":9},"end":{"line":109,"column":5}},"type":"if","locations":[{"start":{"line":53,"column":9},"end":{"line":109,"column":5}},{"start":{"line":57,"column":9},"end":{"line":109,"column":5}}],"line":53},"5":{"loc":{"start":{"line":53,"column":13},"end":{"line":53,"column":55}},"type":"binary-expr","locations":[{"start":{"line":53,"column":13},"end":{"line":53,"column":22}},{"start":{"line":53,"column":26},"end":{"line":53,"column":55}}],"line":53},"6":{"loc":{"start":{"line":57,"column":9},"end":{"line":109,"column":5}},"type":"if","locations":[{"start":{"line":57,"column":9},"end":{"line":109,"column":5}},{"start":{"line":107,"column":4},"end":{"line":109,"column":5}}],"line":57},"7":{"loc":{"start":{"line":70,"column":12},"end":{"line":79,"column":13}},"type":"if","locations":[{"start":{"line":70,"column":12},"end":{"line":79,"column":13}},{"start":{"line":77,"column":12},"end":{"line":79,"column":13}}],"line":70},"8":{"loc":{"start":{"line":70,"column":16},"end":{"line":70,"column":58}},"type":"binary-expr","locations":[{"start":{"line":70,"column":16},"end":{"line":70,"column":23}},{"start":{"line":70,"column":27},"end":{"line":70,"column":58}}],"line":70},"9":{"loc":{"start":{"line":81,"column":12},"end":{"line":90,"column":13}},"type":"if","locations":[{"start":{"line":81,"column":12},"end":{"line":90,"column":13}},{"start":{"line":88,"column":12},"end":{"line":90,"column":13}}],"line":81},"10":{"loc":{"start":{"line":81,"column":16},"end":{"line":81,"column":58}},"type":"binary-expr","locations":[{"start":{"line":81,"column":16},"end":{"line":81,"column":23}},{"start":{"line":81,"column":27},"end":{"line":81,"column":58}}],"line":81},"11":{"loc":{"start":{"line":93,"column":8},"end":{"line":104,"column":9}},"type":"if","locations":[{"start":{"line":93,"column":8},"end":{"line":104,"column":9}},{"start":{"line":97,"column":13},"end":{"line":104,"column":9}}],"line":93},"12":{"loc":{"start":{"line":97,"column":13},"end":{"line":104,"column":9}},"type":"if","locations":[{"start":{"line":97,"column":13},"end":{"line":104,"column":9}},{"start":{"line":102,"column":8},"end":{"line":104,"column":9}}],"line":97}},"s":{"0":1,"1":49,"2":0,"3":49,"4":3,"5":46,"6":0,"7":46,"8":0,"9":0,"10":0,"11":0,"12":0,"13":0,"14":0,"15":0,"16":0,"17":0,"18":0,"19":0,"20":0,"21":0,"22":0,"23":0,"24":0,"25":0,"26":0,"27":0,"28":0,"29":0,"30":46,"31":1},"f":{"0":49},"b":{"0":[0,49],"1":[49,0,49],"2":[3,46],"3":[49,49],"4":[0,46],"5":[46,0],"6":[0,46],"7":[0,0],"8":[0,0],"9":[0,0],"10":[0,0],"11":[0,0],"12":[0,0]},"_coverageSchema":"1a1c01bbd47fc00a2c39e90264f33305004495a9","hash":"6bf77e7bc881767f40c8334373ced722dc3e84d0"}
}
