TN:
SF:src/core/TimeStep.js
FN:41,TimeStep
FN:444,(anonymous_1)
FN:455,(anonymous_2)
FN:468,(anonymous_3)
FN:479,(anonymous_4)
FN:494,(anonymous_5)
FN:525,(anonymous_6)
FN:563,(anonymous_7)
FN:643,(anonymous_8)
FN:660,(anonymous_9)
FN:711,(anonymous_10)
FN:753,(anonymous_11)
FN:773,(anonymous_12)
FN:792,(anonymous_13)
FN:828,(anonymous_14)
FN:841,(anonymous_15)
FN:854,(anonymous_16)
FN:871,(anonymous_17)
FNF:18
FNH:10
FNDA:7,TimeStep
FNDA:0,(anonymous_1)
FNDA:0,(anonymous_2)
FNDA:0,(anonymous_3)
FNDA:0,(anonymous_4)
FNDA:3,(anonymous_5)
FNDA:2,(anonymous_6)
FNDA:5879,(anonymous_7)
FNDA:1,(anonymous_8)
FNDA:0,(anonymous_9)
FNDA:5880,(anonymous_10)
FNDA:1,(anonymous_11)
FNDA:1,(anonymous_12)
FNDA:1,(anonymous_13)
FNDA:0,(anonymous_14)
FNDA:0,(anonymous_15)
FNDA:1,(anonymous_16)
FNDA:0,(anonymous_17)
DA:7,1
DA:8,1
DA:9,1
DA:10,1
DA:37,1
DA:51,7
DA:61,7
DA:72,7
DA:86,7
DA:99,7
DA:113,7
DA:138,7
DA:152,7
DA:162,7
DA:174,7
DA:186,7
DA:197,7
DA:210,7
DA:221,7
DA:231,7
DA:243,7
DA:256,7
DA:268,7
DA:280,7
DA:292,7
DA:305,7
DA:316,7
DA:327,7
DA:338,7
DA:348,7
DA:358,7
DA:367,7
DA:379,7
DA:392,7
DA:405,7
DA:419,7
DA:435,7
DA:446,0
DA:457,0
DA:459,0
DA:470,0
DA:481,0
DA:483,0
DA:484,0
DA:496,3
DA:498,3
DA:499,3
DA:500,3
DA:501,3
DA:505,3
DA:507,30
DA:510,3
DA:511,3
DA:513,3
DA:527,2
DA:529,0
DA:532,2
DA:533,2
DA:535,2
DA:537,20
DA:540,2
DA:542,2
DA:544,2
DA:546,2
DA:548,2
DA:565,5879
DA:566,5879
DA:567,5879
DA:569,5879
DA:571,120
DA:573,120
DA:576,5879
DA:581,0
DA:584,0
DA:590,5879
DA:594,5879
DA:596,5879
DA:598,587
DA:602,5879
DA:604,5879
DA:606,58790
DA:610,5879
DA:612,5879
DA:645,1
DA:646,1
DA:647,1
DA:662,0
DA:666,0
DA:668,0
DA:671,0
DA:673,0
DA:675,0
DA:679,0
DA:681,0
DA:683,0
DA:686,0
DA:688,0
DA:690,0
DA:692,0
DA:696,0
DA:698,0
DA:713,5880
DA:717,5880
DA:719,5880
DA:722,5880
DA:724,5880
DA:726,5880
DA:730,5879
DA:732,5879
DA:734,1
DA:737,5879
DA:739,5879
DA:742,1
DA:744,1
DA:755,1
DA:757,1
DA:759,0
DA:763,1
DA:775,1
DA:777,1
DA:779,1
DA:794,1
DA:796,1
DA:798,1
DA:800,0
DA:802,1
DA:804,0
DA:807,1
DA:809,1
DA:811,1
DA:813,1
DA:814,1
DA:815,1
DA:817,1
DA:830,0
DA:843,0
DA:856,1
DA:857,1
DA:859,1
DA:861,1
DA:873,0
DA:875,0
DA:877,0
DA:878,0
DA:879,0
DA:884,1
LF:146
LH:111
BRDA:162,0,0,1
BRDA:162,0,1,6
BRDA:527,1,0,0
BRDA:527,1,1,2
BRDA:546,2,0,0
BRDA:546,2,1,2
BRDA:569,3,0,120
BRDA:569,3,1,5759
BRDA:569,4,0,5879
BRDA:569,4,1,5759
BRDA:576,5,0,0
BRDA:576,5,1,5879
BRDA:596,6,0,587
BRDA:596,6,1,5292
BRDA:673,7,0,0
BRDA:673,7,1,0
BRDA:681,8,0,0
BRDA:681,8,1,0
BRDA:688,9,0,0
BRDA:688,9,1,0
BRDA:724,10,0,5880
BRDA:724,10,1,0
BRDA:732,11,0,1
BRDA:732,11,1,5878
BRDA:757,12,0,0
BRDA:757,12,1,1
BRDA:775,13,0,1
BRDA:775,13,1,0
BRDA:794,14,0,1
BRDA:794,14,1,0
BRDA:798,15,0,0
BRDA:798,15,1,1
BRDA:802,16,0,0
BRDA:802,16,1,1
BRDA:807,17,0,0
BRDA:807,17,1,1
BRF:36
BRH:20
end_of_record
TN:
SF:src/dom/RequestAnimationFrame.js
FN:25,RequestAnimationFrame
FN:89,step
FN:108,stepTimeout
FN:130,(anonymous_3)
FN:154,(anonymous_4)
FN:174,(anonymous_5)
FNF:6
FNH:1
FNDA:7,RequestAnimationFrame
FNDA:0,step
FNDA:0,stepTimeout
FNDA:0,(anonymous_3)
FNDA:0,(anonymous_4)
FNDA:0,(anonymous_5)
DA:7,1
DA:8,1
DA:21,1
DA:35,7
DA:44,7
DA:54,7
DA:64,7
DA:74,7
DA:76,7
DA:89,7
DA:91,0
DA:93,0
DA:95,0
DA:108,7
DA:110,0
DA:113,0
DA:116,0
DA:132,0
DA:134,0
DA:137,0
DA:139,0
DA:141,0
DA:143,0
DA:145,0
DA:156,0
DA:158,0
DA:160,0
DA:164,0
DA:176,0
DA:178,0
DA:183,1
LF:31
LH:12
BRDA:93,0,0,0
BRDA:93,0,1,0
BRDA:110,1,0,0
BRDA:110,1,1,0
BRDA:132,2,0,0
BRDA:132,2,1,0
BRDA:145,3,0,0
BRDA:145,3,1,0
BRDA:158,4,0,0
BRDA:158,4,1,0
BRF:10
BRH:0
end_of_record
TN:
SF:src/geom/const.js
FNF:0
FNH:0
DA:7,2
DA:74,2
LF:2
LH:2
BRF:0
BRH:0
end_of_record
TN:
SF:src/geom/line/GetPoint.js
FN:23,(anonymous_0)
FNF:1
FNH:0
FNDA:0,(anonymous_0)
DA:7,1
DA:23,1
DA:25,0
DA:27,0
DA:28,0
DA:30,0
DA:33,1
LF:7
LH:3
BRDA:25,0,0,0
BRDA:25,0,1,0
BRF:2
BRH:0
end_of_record
TN:
SF:src/geom/line/GetPoints.js
FN:32,(anonymous_0)
FNF:1
FNH:0
FNDA:0,(anonymous_0)
DA:7,1
DA:8,1
DA:32,1
DA:34,0
DA:37,0
DA:39,0
DA:42,0
DA:43,0
DA:45,0
DA:46,0
DA:48,0
DA:50,0
DA:52,0
DA:53,0
DA:55,0
DA:58,0
DA:61,1
LF:17
LH:4
BRDA:34,0,0,0
BRDA:34,0,1,0
BRDA:37,1,0,0
BRDA:37,1,1,0
BRDA:37,2,0,0
BRDA:37,2,1,0
BRF:6
BRH:0
end_of_record
TN:
SF:src/geom/line/Length.js
FN:17,(anonymous_0)
FNF:1
FNH:0
FNDA:0,(anonymous_0)
DA:17,1
DA:19,0
DA:22,1
LF:3
LH:2
BRF:0
BRH:0
end_of_record
TN:
SF:src/geom/line/Line.js
FN:32,Line
FN:100,(anonymous_1)
FN:124,(anonymous_2)
FN:141,(anonymous_3)
FN:159,(anonymous_4)
FN:186,(anonymous_5)
FN:209,(anonymous_6)
FN:230,(anonymous_7)
FN:248,(anonymous_8)
FN:253,(anonymous_9)
FN:276,(anonymous_10)
FN:281,(anonymous_11)
FN:304,(anonymous_12)
FN:309,(anonymous_13)
FN:332,(anonymous_14)
FN:337,(anonymous_15)
FNF:16
FNH:0
FNDA:0,Line
FNDA:0,(anonymous_1)
FNDA:0,(anonymous_2)
FNDA:0,(anonymous_3)
FNDA:0,(anonymous_4)
FNDA:0,(anonymous_5)
FNDA:0,(anonymous_6)
FNDA:0,(anonymous_7)
FNDA:0,(anonymous_8)
FNDA:0,(anonymous_9)
FNDA:0,(anonymous_10)
FNDA:0,(anonymous_11)
FNDA:0,(anonymous_12)
FNDA:0,(anonymous_13)
FNDA:0,(anonymous_14)
FNDA:0,(anonymous_15)
DA:7,1
DA:8,1
DA:9,1
DA:10,1
DA:11,1
DA:12,1
DA:28,1
DA:34,0
DA:35,0
DA:36,0
DA:37,0
DA:48,0
DA:57,0
DA:66,0
DA:75,0
DA:84,0
DA:102,0
DA:126,0
DA:143,0
DA:161,0
DA:162,0
DA:163,0
DA:164,0
DA:166,0
DA:167,0
DA:169,0
DA:170,0
DA:172,0
DA:188,0
DA:189,0
DA:191,0
DA:192,0
DA:194,0
DA:211,0
DA:213,0
DA:215,0
DA:232,0
DA:234,0
DA:236,0
DA:250,0
DA:255,0
DA:257,0
DA:261,0
DA:278,0
DA:283,0
DA:285,0
DA:289,0
DA:306,0
DA:311,0
DA:313,0
DA:317,0
DA:334,0
DA:339,0
DA:341,0
DA:345,0
DA:353,1
LF:56
LH:8
BRDA:34,0,0,0
BRDA:34,0,1,0
BRDA:35,1,0,0
BRDA:35,1,1,0
BRDA:36,2,0,0
BRDA:36,2,1,0
BRDA:37,3,0,0
BRDA:37,3,1,0
BRDA:161,4,0,0
BRDA:161,4,1,0
BRDA:162,5,0,0
BRDA:162,5,1,0
BRDA:163,6,0,0
BRDA:163,6,1,0
BRDA:164,7,0,0
BRDA:164,7,1,0
BRDA:211,8,0,0
BRDA:211,8,1,0
BRDA:232,9,0,0
BRDA:232,9,1,0
BRDA:255,10,0,0
BRDA:255,10,1,0
BRDA:283,11,0,0
BRDA:283,11,1,0
BRDA:311,12,0,0
BRDA:311,12,1,0
BRDA:339,13,0,0
BRDA:339,13,1,0
BRF:28
BRH:0
end_of_record
TN:
SF:src/geom/line/Random.js
FN:22,(anonymous_0)
FNF:1
FNH:0
FNDA:0,(anonymous_0)
DA:7,1
DA:22,1
DA:24,0
DA:26,0
DA:28,0
DA:29,0
DA:31,0
DA:34,1
LF:8
LH:3
BRDA:24,0,0,0
BRDA:24,0,1,0
BRF:2
BRH:0
end_of_record
TN:
SF:src/geom/point/Point.js
FN:26,Point
FN:74,(anonymous_1)
FNF:2
FNH:2
FNDA:9,Point
FNDA:4,(anonymous_1)
DA:7,2
DA:8,2
DA:22,2
DA:28,9
DA:29,9
DA:40,9
DA:50,9
DA:60,9
DA:76,4
DA:77,4
DA:79,4
DA:80,4
DA:82,4
DA:87,2
LF:14
LH:14
BRDA:28,0,0,5
BRDA:28,0,1,4
BRDA:29,1,0,6
BRDA:29,1,1,3
BRDA:76,2,0,1
BRDA:76,2,1,3
BRDA:77,3,0,2
BRDA:77,3,1,2
BRF:8
BRH:8
end_of_record
TN:
SF:src/geom/rectangle/Contains.js
FN:19,(anonymous_0)
FNF:1
FNH:1
FNDA:9,(anonymous_0)
DA:19,1
DA:21,9
DA:23,0
DA:26,9
DA:29,1
LF:5
LH:4
BRDA:21,0,0,0
BRDA:21,0,1,9
BRDA:21,1,0,9
BRDA:21,1,1,9
BRDA:26,2,0,9
BRDA:26,2,1,8
BRDA:26,2,2,7
BRDA:26,2,3,6
BRF:8
BRH:7
end_of_record
TN:
SF:src/geom/rectangle/GetPoint.js
FN:28,(anonymous_0)
FNF:1
FNH:0
FNDA:0,(anonymous_0)
DA:7,1
DA:8,1
DA:28,1
DA:30,0
DA:32,0
DA:34,0
DA:35,0
DA:37,0
DA:40,0
DA:42,0
DA:44,0
DA:46,0
DA:49,0
DA:50,0
DA:55,0
DA:56,0
DA:59,0
DA:62,0
DA:63,0
DA:68,0
DA:69,0
DA:72,0
DA:75,1
LF:23
LH:4
BRDA:30,0,0,0
BRDA:30,0,1,0
BRDA:32,1,0,0
BRDA:32,1,1,0
BRDA:32,2,0,0
BRDA:32,2,1,0
BRDA:42,3,0,0
BRDA:42,3,1,0
BRDA:46,4,0,0
BRDA:46,4,1,0
BRDA:59,5,0,0
BRDA:59,5,1,0
BRF:12
BRH:0
end_of_record
TN:
SF:src/geom/rectangle/GetPoints.js
FN:25,(anonymous_0)
FNF:1
FNH:0
FNDA:0,(anonymous_0)
DA:7,1
DA:8,1
DA:25,1
DA:27,0
DA:30,0
DA:32,0
DA:35,0
DA:37,0
DA:39,0
DA:42,0
DA:45,1
LF:11
LH:4
BRDA:27,0,0,0
BRDA:27,0,1,0
BRDA:30,1,0,0
BRDA:30,1,1,0
BRDA:30,2,0,0
BRDA:30,2,1,0
BRF:6
BRH:0
end_of_record
TN:
SF:src/geom/rectangle/Perimeter.js
FN:17,(anonymous_0)
FNF:1
FNH:0
FNDA:0,(anonymous_0)
DA:17,1
DA:19,0
DA:22,1
LF:3
LH:2
BRF:0
BRH:0
end_of_record
TN:
SF:src/geom/rectangle/Random.js
FN:22,(anonymous_0)
FNF:1
FNH:1
FNDA:2,(anonymous_0)
DA:7,1
DA:22,1
DA:24,2
DA:26,2
DA:27,2
DA:29,2
DA:32,1
LF:7
LH:7
BRDA:24,0,0,1
BRDA:24,0,1,1
BRF:2
BRH:2
end_of_record
TN:
SF:src/geom/rectangle/Rectangle.js
FN:33,Rectangle
FN:103,(anonymous_1)
FN:125,(anonymous_2)
FN:144,(anonymous_3)
FN:161,(anonymous_4)
FN:179,(anonymous_5)
FN:197,(anonymous_6)
FN:213,(anonymous_7)
FN:234,(anonymous_8)
FN:252,(anonymous_9)
FN:269,(anonymous_10)
FN:290,(anonymous_11)
FN:311,(anonymous_12)
FN:332,(anonymous_13)
FN:351,(anonymous_14)
FN:356,(anonymous_15)
FN:382,(anonymous_16)
FN:387,(anonymous_17)
FN:411,(anonymous_18)
FN:416,(anonymous_19)
FN:442,(anonymous_20)
FN:447,(anonymous_21)
FN:470,(anonymous_22)
FN:475,(anonymous_23)
FN:491,(anonymous_24)
FN:496,(anonymous_25)
FNF:26
FNH:8
FNDA:19,Rectangle
FNDA:9,(anonymous_1)
FNDA:0,(anonymous_2)
FNDA:0,(anonymous_3)
FNDA:2,(anonymous_4)
FNDA:2,(anonymous_5)
FNDA:1,(anonymous_6)
FNDA:2,(anonymous_7)
FNDA:2,(anonymous_8)
FNDA:7,(anonymous_9)
FNDA:0,(anonymous_10)
FNDA:0,(anonymous_11)
FNDA:0,(anonymous_12)
FNDA:0,(anonymous_13)
FNDA:0,(anonymous_14)
FNDA:0,(anonymous_15)
FNDA:0,(anonymous_16)
FNDA:0,(anonymous_17)
FNDA:0,(anonymous_18)
FNDA:0,(anonymous_19)
FNDA:0,(anonymous_20)
FNDA:0,(anonymous_21)
FNDA:0,(anonymous_22)
FNDA:0,(anonymous_23)
FNDA:0,(anonymous_24)
FNDA:0,(anonymous_25)
DA:7,1
DA:8,1
DA:9,1
DA:10,1
DA:11,1
DA:12,1
DA:13,1
DA:29,1
DA:35,19
DA:36,19
DA:37,19
DA:38,19
DA:49,19
DA:59,19
DA:69,19
DA:79,19
DA:89,19
DA:105,9
DA:127,0
DA:146,0
DA:163,2
DA:181,2
DA:182,2
DA:183,2
DA:184,2
DA:186,2
DA:199,1
DA:215,2
DA:217,2
DA:218,2
DA:220,2
DA:236,2
DA:238,2
DA:239,2
DA:241,2
DA:254,7
DA:271,0
DA:273,0
DA:275,0
DA:292,0
DA:294,0
DA:296,0
DA:313,0
DA:315,0
DA:317,0
DA:334,0
DA:336,0
DA:338,0
DA:353,0
DA:358,0
DA:360,0
DA:364,0
DA:367,0
DA:384,0
DA:389,0
DA:391,0
DA:395,0
DA:413,0
DA:418,0
DA:420,0
DA:424,0
DA:427,0
DA:444,0
DA:449,0
DA:451,0
DA:455,0
DA:472,0
DA:477,0
DA:493,0
DA:498,0
DA:505,1
LF:71
LH:35
BRDA:35,0,0,2
BRDA:35,0,1,17
BRDA:36,1,0,2
BRDA:36,1,1,17
BRDA:37,2,0,2
BRDA:37,2,1,17
BRDA:38,3,0,2
BRDA:38,3,1,17
BRDA:215,4,0,1
BRDA:215,4,1,1
BRDA:236,5,0,1
BRDA:236,5,1,1
BRDA:254,6,0,7
BRDA:254,6,1,4
BRDA:271,7,0,0
BRDA:271,7,1,0
BRDA:292,8,0,0
BRDA:292,8,1,0
BRDA:313,9,0,0
BRDA:313,9,1,0
BRDA:334,10,0,0
BRDA:334,10,1,0
BRDA:358,11,0,0
BRDA:358,11,1,0
BRDA:389,12,0,0
BRDA:389,12,1,0
BRDA:418,13,0,0
BRDA:418,13,1,0
BRDA:449,14,0,0
BRDA:449,14,1,0
BRF:30
BRH:14
end_of_record
TN:
SF:src/math/Vector2.js
FN:31,Vector2
FN:75,(anonymous_1)
FN:90,(anonymous_2)
FN:108,(anonymous_3)
FN:127,(anonymous_4)
FN:148,(anonymous_5)
FN:164,(anonymous_6)
FN:186,(anonymous_7)
FN:202,(anonymous_8)
FN:215,(anonymous_9)
FN:239,(anonymous_10)
FN:254,(anonymous_11)
FN:272,(anonymous_12)
FN:292,(anonymous_13)
FN:310,(anonymous_14)
FN:338,(anonymous_15)
FN:354,(anonymous_16)
FN:372,(anonymous_17)
FN:390,(anonymous_18)
FN:406,(anonymous_19)
FN:424,(anonymous_20)
FN:437,(anonymous_21)
FN:455,(anonymous_22)
FN:480,(anonymous_23)
FN:498,(anonymous_24)
FN:518,(anonymous_25)
FN:533,(anonymous_26)
FN:551,(anonymous_27)
FN:574,(anonymous_28)
FN:596,(anonymous_29)
FN:616,(anonymous_30)
FN:634,(anonymous_31)
FN:656,(anonymous_32)
FN:673,(anonymous_33)
FN:688,(anonymous_34)
FN:706,(anonymous_35)
FNF:36
FNH:11
FNDA:37,Vector2
FNDA:1,(anonymous_1)
FNDA:2,(anonymous_2)
FNDA:0,(anonymous_3)
FNDA:2,(anonymous_4)
FNDA:0,(anonymous_5)
FNDA:0,(anonymous_6)
FNDA:2,(anonymous_7)
FNDA:0,(anonymous_8)
FNDA:0,(anonymous_9)
FNDA:0,(anonymous_10)
FNDA:1,(anonymous_11)
FNDA:1,(anonymous_12)
FNDA:1,(anonymous_13)
FNDA:1,(anonymous_14)
FNDA:0,(anonymous_15)
FNDA:0,(anonymous_16)
FNDA:0,(anonymous_17)
FNDA:0,(anonymous_18)
FNDA:2,(anonymous_19)
FNDA:0,(anonymous_20)
FNDA:0,(anonymous_21)
FNDA:2,(anonymous_22)
FNDA:0,(anonymous_23)
FNDA:0,(anonymous_24)
FNDA:0,(anonymous_25)
FNDA:0,(anonymous_26)
FNDA:0,(anonymous_27)
FNDA:0,(anonymous_28)
FNDA:0,(anonymous_29)
FNDA:0,(anonymous_30)
FNDA:0,(anonymous_31)
FNDA:0,(anonymous_32)
FNDA:0,(anonymous_33)
FNDA:0,(anonymous_34)
FNDA:0,(anonymous_35)
DA:10,2
DA:11,2
DA:27,2
DA:41,37
DA:51,37
DA:53,37
DA:55,1
DA:56,1
DA:60,36
DA:62,36
DA:63,36
DA:77,1
DA:92,2
DA:93,2
DA:95,2
DA:110,0
DA:111,0
DA:113,0
DA:129,2
DA:131,2
DA:132,2
DA:134,2
DA:150,0
DA:166,0
DA:168,0
DA:169,0
DA:171,0
DA:188,2
DA:204,0
DA:219,0
DA:221,0
DA:223,0
DA:226,0
DA:241,0
DA:256,1
DA:257,1
DA:259,1
DA:274,1
DA:275,1
DA:277,1
DA:294,1
DA:295,1
DA:297,1
DA:312,1
DA:314,1
DA:315,1
DA:319,0
DA:320,0
DA:323,1
DA:340,0
DA:341,0
DA:343,0
DA:356,0
DA:357,0
DA:359,0
DA:374,0
DA:375,0
DA:377,0
DA:392,0
DA:393,0
DA:395,0
DA:408,2
DA:409,2
DA:411,2
DA:426,0
DA:439,0
DA:440,0
DA:442,0
DA:457,2
DA:458,2
DA:459,2
DA:461,2
DA:463,1
DA:465,1
DA:466,1
DA:469,2
DA:482,0
DA:484,0
DA:485,0
DA:487,0
DA:500,0
DA:502,0
DA:503,0
DA:505,0
DA:520,0
DA:535,0
DA:553,0
DA:555,0
DA:556,0
DA:558,0
DA:559,0
DA:561,0
DA:576,0
DA:577,0
DA:578,0
DA:580,0
DA:581,0
DA:583,0
DA:598,0
DA:599,0
DA:600,0
DA:602,0
DA:603,0
DA:605,0
DA:618,0
DA:619,0
DA:621,0
DA:636,0
DA:638,0
DA:640,0
DA:643,0
DA:658,0
DA:660,0
DA:675,0
DA:690,0
DA:691,0
DA:693,0
DA:708,0
DA:710,0
DA:725,2
DA:737,2
DA:749,2
DA:761,2
DA:773,2
DA:785,2
DA:787,2
LF:126
LH:51
BRDA:53,0,0,1
BRDA:53,0,1,36
BRDA:55,1,0,1
BRDA:55,1,1,0
BRDA:56,2,0,1
BRDA:56,2,1,0
BRDA:60,3,0,7
BRDA:60,3,1,29
BRDA:62,4,0,36
BRDA:62,4,1,11
BRDA:63,5,0,36
BRDA:63,5,1,11
BRDA:92,6,0,2
BRDA:92,6,1,1
BRDA:93,7,0,2
BRDA:93,7,1,1
BRDA:110,8,0,0
BRDA:110,8,1,0
BRDA:111,9,0,0
BRDA:111,9,1,0
BRDA:129,10,0,1
BRDA:129,10,1,1
BRDA:166,11,0,0
BRDA:166,11,1,0
BRDA:188,12,0,2
BRDA:188,12,1,2
BRDA:204,13,0,0
BRDA:204,13,1,0
BRDA:221,14,0,0
BRDA:221,14,1,0
BRDA:312,15,0,1
BRDA:312,15,1,0
BRDA:461,16,0,1
BRDA:461,16,1,1
BRDA:553,17,0,0
BRDA:553,17,1,0
BRDA:638,18,0,0
BRDA:638,18,1,0
BRDA:638,19,0,0
BRDA:638,19,1,0
BRF:40
BRH:21
end_of_record
TN:
SF:src/math/Wrap.js
FN:19,(anonymous_0)
FNF:1
FNH:1
FNDA:22,(anonymous_0)
DA:19,1
DA:21,22
DA:23,22
DA:26,1
LF:4
LH:4
BRF:0
BRH:0
end_of_record
TN:
SF:src/math/angle/Between.js
FN:20,(anonymous_0)
FNF:1
FNH:1
FNDA:5,(anonymous_0)
DA:20,1
DA:22,5
DA:25,1
LF:3
LH:3
BRF:0
BRH:0
end_of_record
TN:
SF:src/math/angle/Normalize.js
FN:17,(anonymous_0)
FNF:1
FNH:1
FNDA:13,(anonymous_0)
DA:17,1
DA:19,13
DA:21,13
DA:23,11
DA:27,2
DA:31,1
LF:6
LH:6
BRDA:21,0,0,11
BRDA:21,0,1,2
BRF:2
BRH:2
end_of_record
TN:
SF:src/math/angle/Reverse.js
FN:19,(anonymous_0)
FNF:1
FNH:1
FNDA:4,(anonymous_0)
DA:7,1
DA:19,1
DA:21,4
DA:24,1
LF:4
LH:4
BRF:0
BRH:0
end_of_record
TN:
SF:src/math/angle/Wrap.js
FN:21,(anonymous_0)
FNF:1
FNH:1
FNDA:10,(anonymous_0)
DA:7,1
DA:21,1
DA:23,10
DA:26,1
LF:4
LH:4
BRF:0
BRH:0
end_of_record
TN:
SF:src/math/angle/WrapDegrees.js
FN:21,(anonymous_0)
FNF:1
FNH:1
FNDA:12,(anonymous_0)
DA:7,1
DA:21,1
DA:23,12
DA:26,1
LF:4
LH:4
BRF:0
BRH:0
end_of_record
TN:
SF:src/math/fuzzy/Equal.js
FN:21,(anonymous_0)
FNF:1
FNH:0
FNDA:0,(anonymous_0)
DA:21,2
DA:23,0
DA:25,0
DA:28,2
LF:4
LH:2
BRDA:23,0,0,0
BRDA:23,0,1,0
BRF:2
BRH:0
end_of_record
TN:
SF:src/math/random-data-generator/RandomDataGenerator.js
FN:33,RandomDataGenerator
FN:116,(anonymous_1)
FN:139,(anonymous_2)
FN:171,(anonymous_3)
FN:193,(anonymous_4)
FN:229,(anonymous_5)
FN:243,(anonymous_6)
FN:257,(anonymous_7)
FN:273,(anonymous_8)
FN:290,(anonymous_9)
FN:306,(anonymous_10)
FN:319,(anonymous_11)
FN:332,(anonymous_12)
FN:359,(anonymous_13)
FN:372,(anonymous_14)
FN:391,(anonymous_15)
FN:407,(anonymous_16)
FN:420,(anonymous_17)
FN:433,(anonymous_18)
FN:458,(anonymous_19)
FN:486,(anonymous_20)
FNF:21
FNH:15
FNDA:12,RandomDataGenerator
FNDA:230,(anonymous_1)
FNDA:72,(anonymous_2)
FNDA:12,(anonymous_3)
FNDA:12,(anonymous_4)
FNDA:10,(anonymous_5)
FNDA:110,(anonymous_6)
FNDA:0,(anonymous_7)
FNDA:30,(anonymous_8)
FNDA:10,(anonymous_9)
FNDA:50,(anonymous_10)
FNDA:10,(anonymous_11)
FNDA:1,(anonymous_12)
FNDA:20,(anonymous_13)
FNDA:10,(anonymous_14)
FNDA:0,(anonymous_15)
FNDA:0,(anonymous_16)
FNDA:0,(anonymous_17)
FNDA:0,(anonymous_18)
FNDA:0,(anonymous_19)
FNDA:1,(anonymous_20)
DA:7,1
DA:29,1
DA:35,12
DA:46,12
DA:57,12
DA:68,12
DA:79,12
DA:90,12
DA:99,12
DA:101,12
DA:103,12
DA:118,230
DA:120,230
DA:121,230
DA:122,230
DA:123,230
DA:125,230
DA:142,72
DA:144,72
DA:146,72
DA:148,282
DA:149,282
DA:150,282
DA:151,282
DA:152,282
DA:153,282
DA:154,282
DA:155,282
DA:158,72
DA:160,72
DA:173,12
DA:175,0
DA:179,12
DA:196,12
DA:197,12
DA:198,12
DA:199,12
DA:200,12
DA:202,12
DA:204,0
DA:208,12
DA:210,12
DA:212,12
DA:213,12
DA:214,12
DA:215,12
DA:216,12
DA:217,12
DA:232,10
DA:246,110
DA:259,0
DA:275,30
DA:292,10
DA:308,50
DA:321,10
DA:334,1
DA:335,1
DA:337,1
DA:342,1
DA:361,20
DA:374,10
DA:393,0
DA:409,0
DA:422,0
DA:435,0
DA:460,0
DA:462,0
DA:464,0
DA:465,0
DA:466,0
DA:467,0
DA:470,0
DA:488,1
DA:490,1
DA:492,9
DA:493,9
DA:495,9
DA:496,9
DA:499,1
DA:504,1
LF:80
LH:66
BRDA:35,0,0,1
BRDA:35,0,1,11
BRDA:101,1,0,12
BRDA:101,1,1,0
BRDA:173,2,0,0
BRDA:173,2,1,12
BRDA:202,3,0,0
BRDA:202,3,1,12
BRDA:208,4,0,24
BRDA:208,4,1,12
BRDA:337,5,0,32
BRDA:337,5,1,4
BRDA:337,6,0,31
BRDA:337,6,1,1
BRDA:337,7,0,30
BRDA:337,7,1,1
BRDA:409,8,0,0
BRDA:409,8,1,0
BRDA:409,9,0,0
BRDA:409,9,1,0
BRDA:460,10,0,0
BRDA:460,10,1,0
BRDA:460,11,0,0
BRDA:460,11,1,0
BRF:24
BRH:13
end_of_record
TN:
SF:src/utils/Class.js
FN:9,hasGetterOrSetter
FN:14,getProperty
FN:47,hasNonConfigurable
FN:79,extend
FN:129,mixin
FN:173,Class
FN:202,(anonymous_6)
FN:209,(anonymous_7)
FNF:8
FNH:6
FNDA:142,hasGetterOrSetter
FNDA:142,getProperty
FNDA:10,hasNonConfigurable
FNDA:9,extend
FNDA:9,mixin
FNDA:9,Class
FNDA:0,(anonymous_6)
FNDA:0,(anonymous_7)
DA:11,142
DA:19,142
DA:21,142
DA:23,0
DA:27,142
DA:29,10
DA:31,10
DA:34,10
DA:36,10
DA:39,10
DA:43,132
DA:49,10
DA:51,10
DA:53,10
DA:56,0
DA:58,0
DA:61,0
DA:63,0
DA:66,0
DA:81,9
DA:83,142
DA:85,0
DA:88,142
DA:90,142
DA:94,10
DA:96,10
DA:99,0
DA:101,0
DA:109,0
DA:112,10
DA:116,132
DA:131,9
DA:133,9
DA:136,0
DA:138,0
DA:141,0
DA:143,0
DA:175,9
DA:177,0
DA:184,9
DA:186,9
DA:188,0
DA:191,9
DA:196,9
DA:198,0
DA:200,0
DA:202,0
DA:204,0
DA:209,0
DA:212,9
DA:214,0
DA:215,0
DA:219,0
DA:221,0
DA:225,9
DA:229,9
DA:231,9
DA:233,0
DA:234,0
DA:238,9
DA:241,9
DA:243,9
DA:246,5
DA:247,5
DA:248,5
DA:250,5
LF:66
LH:39
BRDA:11,0,0,142
BRDA:11,0,1,10
BRDA:11,0,2,132
BRDA:11,0,3,0
BRDA:19,1,0,142
BRDA:19,1,1,0
BRDA:21,2,0,0
BRDA:21,2,1,142
BRDA:21,3,0,142
BRDA:21,3,1,0
BRDA:21,3,2,0
BRDA:27,4,0,10
BRDA:27,4,1,132
BRDA:27,5,0,142
BRDA:27,5,1,142
BRDA:29,6,0,10
BRDA:29,6,1,0
BRDA:34,7,0,10
BRDA:34,7,1,0
BRDA:51,8,0,10
BRDA:51,8,1,0
BRDA:56,9,0,0
BRDA:56,9,1,0
BRDA:56,10,0,0
BRDA:56,10,1,0
BRDA:61,11,0,0
BRDA:61,11,1,0
BRDA:83,12,0,0
BRDA:83,12,1,142
BRDA:90,13,0,10
BRDA:90,13,1,132
BRDA:94,14,0,10
BRDA:94,14,1,10
BRDA:96,15,0,0
BRDA:96,15,1,10
BRDA:99,16,0,0
BRDA:99,16,1,0
BRDA:131,17,0,9
BRDA:131,17,1,0
BRDA:136,18,0,0
BRDA:136,18,1,0
BRDA:143,19,0,0
BRDA:143,19,1,0
BRDA:175,20,0,0
BRDA:175,20,1,9
BRDA:184,21,0,9
BRDA:184,21,1,0
BRDA:186,22,0,0
BRDA:186,22,1,9
BRDA:198,23,0,0
BRDA:198,23,1,0
BRDA:212,24,0,0
BRDA:212,24,1,9
BRDA:231,25,0,0
BRDA:231,25,1,9
BRF:55
BRH:25
end_of_record
TN:
SF:src/utils/NOOP.js
FN:16,(anonymous_0)
FNF:1
FNH:1
FNDA:1,(anonymous_0)
DA:16,1
DA:21,1
LF:2
LH:2
BRF:0
BRH:0
end_of_record
TN:
SF:src/utils/object/GetValue.js
FN:43,(anonymous_0)
FNF:1
FNH:1
FNDA:49,(anonymous_0)
DA:43,1
DA:45,49
DA:47,0
DA:49,49
DA:51,3
DA:53,46
DA:55,0
DA:57,46
DA:59,0
DA:60,0
DA:61,0
DA:62,0
DA:63,0
DA:64,0
DA:65,0
DA:68,0
DA:70,0
DA:73,0
DA:74,0
DA:78,0
DA:81,0
DA:84,0
DA:85,0
DA:89,0
DA:93,0
DA:95,0
DA:97,0
DA:99,0
DA:103,0
DA:108,46
DA:112,1
LF:31
LH:8
BRDA:45,0,0,0
BRDA:45,0,1,49
BRDA:45,1,0,49
BRDA:45,1,1,0
BRDA:45,1,2,49
BRDA:49,2,0,3
BRDA:49,2,1,46
BRDA:49,3,0,49
BRDA:49,3,1,49
BRDA:53,4,0,0
BRDA:53,4,1,46
BRDA:53,5,0,46
BRDA:53,5,1,0
BRDA:57,6,0,0
BRDA:57,6,1,46
BRDA:70,7,0,0
BRDA:70,7,1,0
BRDA:70,8,0,0
BRDA:70,8,1,0
BRDA:81,9,0,0
BRDA:81,9,1,0
BRDA:81,10,0,0
BRDA:81,10,1,0
BRDA:93,11,0,0
BRDA:93,11,1,0
BRDA:97,12,0,0
BRDA:97,12,1,0
BRF:27
BRH:10
end_of_record
